

Started POST "/carrierwaves" for ::1 at 2015-11-23 23:27:30 +0100
Processing by CarrierwavesController#create as HTML
  Parameters: {"utf8"=>"✓", "authenticity_token"=>"TS0qp0grRS1BP8uvnDIexkgNbPCMRL5kcb8hyLjs4/1hu2FVBh4Z2Ipap6jo8RCJI3lpfdZvsdVWFAy7XUALFw==", "carrierwave"=>{"file"=>#<ActionDispatch::Http::UploadedFile:0x007fc9c0e62260 @tempfile=#<Tempfile:/var/folders/df/h4d7lrg93yn7dz7rhdc4r2ch0000gn/T/RackMultipart20151123-36874-14olnci.png>, @original_filename="Captura de pantalla 2015-11-22 a las 18.05.48.png", @content_type="image/png", @headers="Content-Disposition: form-data; name=\"carrierwave[file]\"; filename=\"Captura de pantalla 2015-11-22 a las 18.05.48.png\"\r\nContent-Type: image/png\r\n">, "image"=>#<ActionDispatch::Http::UploadedFile:0x007fc9c0e62210 @tempfile=#<Tempfile:/var/folders/df/h4d7lrg93yn7dz7rhdc4r2ch0000gn/T/RackMultipart20151123-36874-1m8ybnz.png>, @original_filename="Captura de pantalla 2015-11-22 a las 18.21.59.png", @content_type="image/png", @headers="Content-Disposition: form-data; name=\"carrierwave[image]\"; filename=\"Captura de pantalla 2015-11-22 a las 18.21.59.png\"\r\nContent-Type: image/png\r\n">}, "commit"=>"Pa subir"}
Redirected to http://localhost:3000/
Completed 302 Found in 460ms


Started GET "/" for ::1 at 2015-11-23 23:27:31 +0100
Processing by ApplicationController#index as HTML
  Rendered application/index.html.haml within layouts/application (24.6ms)
  Rendered layouts/_header.html.haml (0.3ms)
Completed 200 OK in 78ms (Views: 77.5ms)


Started GET "/carrierwaves" for ::1 at 2015-11-23 23:27:35 +0100
Processing by CarrierwavesController#index as HTML
  Rendered carrierwaves/_form.html.haml (1.4ms)
  Rendered carrierwaves/index.html.haml within layouts/application (14.5ms)
  Rendered layouts/_header.html.haml (0.3ms)
Completed 200 OK in 45ms (Views: 43.9ms)


Started GET "/uploads/carrierwave/image/image/565231a1ec66158b95000000/original_Captura_de_pantalla_2015-11-22_a_las_18.21.59.png" for ::1 at 2015-11-23 23:27:35 +0100

ActionController::RoutingError (No route matches [GET] "/uploads/carrierwave/image/image/565231a1ec66158b95000000/original_Captura_de_pantalla_2015-11-22_a_las_18.21.59.png"):
  actionpack (4.2.4) lib/action_dispatch/middleware/debug_exceptions.rb:21:in `call'
  web-console (2.2.1) lib/web_console/middleware.rb:39:in `call'
  actionpack (4.2.4) lib/action_dispatch/middleware/show_exceptions.rb:30:in `call'
  railties (4.2.4) lib/rails/rack/logger.rb:38:in `call_app'
  railties (4.2.4) lib/rails/rack/logger.rb:20:in `block in call'
  activesupport (4.2.4) lib/active_support/tagged_logging.rb:68:in `block in tagged'
  activesupport (4.2.4) lib/active_support/tagged_logging.rb:26:in `tagged'
  activesupport (4.2.4) lib/active_support/tagged_logging.rb:68:in `tagged'
  railties (4.2.4) lib/rails/rack/logger.rb:20:in `call'
  actionpack (4.2.4) lib/action_dispatch/middleware/request_id.rb:21:in `call'
  rack (1.6.4) lib/rack/methodoverride.rb:22:in `call'
  rack (1.6.4) lib/rack/runtime.rb:18:in `call'
  activesupport (4.2.4) lib/active_support/cache/strategy/local_cache_middleware.rb:28:in `call'
  dragonfly (1.0.12) lib/dragonfly/cookie_monster.rb:9:in `call'
  rack (1.6.4) lib/rack/lock.rb:17:in `call'
  actionpack (4.2.4) lib/action_dispatch/middleware/static.rb:116:in `call'
  rack (1.6.4) lib/rack/sendfile.rb:113:in `call'
  railties (4.2.4) lib/rails/engine.rb:518:in `call'
  railties (4.2.4) lib/rails/application.rb:165:in `call'
  rack (1.6.4) lib/rack/lock.rb:17:in `call'
  rack (1.6.4) lib/rack/content_length.rb:15:in `call'
  rack (1.6.4) lib/rack/handler/webrick.rb:88:in `service'
  /Users/danielromeroesteban/.rvm/rubies/ruby-2.2.1/lib/ruby/2.2.0/webrick/httpserver.rb:138:in `service'
  /Users/danielromeroesteban/.rvm/rubies/ruby-2.2.1/lib/ruby/2.2.0/webrick/httpserver.rb:94:in `run'
  /Users/danielromeroesteban/.rvm/rubies/ruby-2.2.1/lib/ruby/2.2.0/webrick/server.rb:294:in `block in start_thread'


  Rendered /Users/danielromeroesteban/.rvm/gems/ruby-2.2.1/gems/actionpack-4.2.4/lib/action_dispatch/middleware/templates/rescues/_trace.html.erb (2.1ms)
  Rendered /Users/danielromeroesteban/.rvm/gems/ruby-2.2.1/gems/actionpack-4.2.4/lib/action_dispatch/middleware/templates/routes/_route.html.erb (2.2ms)
  Rendered /Users/danielromeroesteban/.rvm/gems/ruby-2.2.1/gems/actionpack-4.2.4/lib/action_dispatch/middleware/templates/routes/_table.html.erb (2.2ms)
  Rendered /Users/danielromeroesteban/.rvm/gems/ruby-2.2.1/gems/actionpack-4.2.4/lib/action_dispatch/middleware/templates/rescues/_request_and_response.html.erb (2.0ms)
  Rendered /Users/danielromeroesteban/.rvm/gems/ruby-2.2.1/gems/actionpack-4.2.4/lib/action_dispatch/middleware/templates/rescues/routing_error.html.erb within rescues/layout (95.4ms)
  Rendered /Users/danielromeroesteban/.rvm/gems/ruby-2.2.1/gems/web-console-2.2.1/lib/web_console/templates/_markup.html.erb (0.4ms)
  Rendered /Users/danielromeroesteban/.rvm/gems/ruby-2.2.1/gems/web-console-2.2.1/lib/web_console/templates/_inner_console_markup.html.erb within layouts/inlined_string (0.4ms)
  Rendered /Users/danielromeroesteban/.rvm/gems/ruby-2.2.1/gems/web-console-2.2.1/lib/web_console/templates/_prompt_box_markup.html.erb within layouts/inlined_string (0.6ms)
  Rendered /Users/danielromeroesteban/.rvm/gems/ruby-2.2.1/gems/web-console-2.2.1/lib/web_console/templates/style.css.erb within layouts/inlined_string (0.8ms)
  Rendered /Users/danielromeroesteban/.rvm/gems/ruby-2.2.1/gems/web-console-2.2.1/lib/web_console/templates/console.js.erb within layouts/javascript (59.3ms)
  Rendered /Users/danielromeroesteban/.rvm/gems/ruby-2.2.1/gems/web-console-2.2.1/lib/web_console/templates/main.js.erb within layouts/javascript (0.7ms)
  Rendered /Users/danielromeroesteban/.rvm/gems/ruby-2.2.1/gems/web-console-2.2.1/lib/web_console/templates/error_page.js.erb within layouts/javascript (0.4ms)
  Rendered /Users/danielromeroesteban/.rvm/gems/ruby-2.2.1/gems/web-console-2.2.1/lib/web_console/templates/index.html.erb (134.0ms)


Started GET "/uploads/carrierwave/image/image/565231a1ec66158b95000000/large_Captura_de_pantalla_2015-11-22_a_las_18.21.59.png" for ::1 at 2015-11-23 23:27:36 +0100

ActionController::RoutingError (No route matches [GET] "/uploads/carrierwave/image/image/565231a1ec66158b95000000/large_Captura_de_pantalla_2015-11-22_a_las_18.21.59.png"):
  actionpack (4.2.4) lib/action_dispatch/middleware/debug_exceptions.rb:21:in `call'
  web-console (2.2.1) lib/web_console/middleware.rb:39:in `call'
  actionpack (4.2.4) lib/action_dispatch/middleware/show_exceptions.rb:30:in `call'
  railties (4.2.4) lib/rails/rack/logger.rb:38:in `call_app'
  railties (4.2.4) lib/rails/rack/logger.rb:20:in `block in call'
  activesupport (4.2.4) lib/active_support/tagged_logging.rb:68:in `block in tagged'
  activesupport (4.2.4) lib/active_support/tagged_logging.rb:26:in `tagged'
  activesupport (4.2.4) lib/active_support/tagged_logging.rb:68:in `tagged'
  railties (4.2.4) lib/rails/rack/logger.rb:20:in `call'
  actionpack (4.2.4) lib/action_dispatch/middleware/request_id.rb:21:in `call'
  rack (1.6.4) lib/rack/methodoverride.rb:22:in `call'
  rack (1.6.4) lib/rack/runtime.rb:18:in `call'
  activesupport (4.2.4) lib/active_support/cache/strategy/local_cache_middleware.rb:28:in `call'
  dragonfly (1.0.12) lib/dragonfly/cookie_monster.rb:9:in `call'
  rack (1.6.4) lib/rack/lock.rb:17:in `call'
  actionpack (4.2.4) lib/action_dispatch/middleware/static.rb:116:in `call'
  rack (1.6.4) lib/rack/sendfile.rb:113:in `call'
  railties (4.2.4) lib/rails/engine.rb:518:in `call'
  railties (4.2.4) lib/rails/application.rb:165:in `call'
  rack (1.6.4) lib/rack/lock.rb:17:in `call'
  rack (1.6.4) lib/rack/content_length.rb:15:in `call'
  rack (1.6.4) lib/rack/handler/webrick.rb:88:in `service'
  /Users/danielromeroesteban/.rvm/rubies/ruby-2.2.1/lib/ruby/2.2.0/webrick/httpserver.rb:138:in `service'
  /Users/danielromeroesteban/.rvm/rubies/ruby-2.2.1/lib/ruby/2.2.0/webrick/httpserver.rb:94:in `run'
  /Users/danielromeroesteban/.rvm/rubies/ruby-2.2.1/lib/ruby/2.2.0/webrick/server.rb:294:in `block in start_thread'


  Rendered /Users/danielromeroesteban/.rvm/gems/ruby-2.2.1/gems/actionpack-4.2.4/lib/action_dispatch/middleware/templates/rescues/_trace.html.erb (1.2ms)
  Rendered /Users/danielromeroesteban/.rvm/gems/ruby-2.2.1/gems/actionpack-4.2.4/lib/action_dispatch/middleware/templates/routes/_route.html.erb (1.6ms)
  Rendered /Users/danielromeroesteban/.rvm/gems/ruby-2.2.1/gems/actionpack-4.2.4/lib/action_dispatch/middleware/templates/routes/_table.html.erb (1.3ms)
  Rendered /Users/danielromeroesteban/.rvm/gems/ruby-2.2.1/gems/actionpack-4.2.4/lib/action_dispatch/middleware/templates/rescues/_request_and_response.html.erb (1.6ms)
  Rendered /Users/danielromeroesteban/.rvm/gems/ruby-2.2.1/gems/actionpack-4.2.4/lib/action_dispatch/middleware/templates/rescues/routing_error.html.erb within rescues/layout (80.1ms)
  Rendered /Users/danielromeroesteban/.rvm/gems/ruby-2.2.1/gems/web-console-2.2.1/lib/web_console/templates/_markup.html.erb (0.5ms)
  Rendered /Users/danielromeroesteban/.rvm/gems/ruby-2.2.1/gems/web-console-2.2.1/lib/web_console/templates/_inner_console_markup.html.erb within layouts/inlined_string (0.4ms)
  Rendered /Users/danielromeroesteban/.rvm/gems/ruby-2.2.1/gems/web-console-2.2.1/lib/web_console/templates/_prompt_box_markup.html.erb within layouts/inlined_string (0.3ms)
  Rendered /Users/danielromeroesteban/.rvm/gems/ruby-2.2.1/gems/web-console-2.2.1/lib/web_console/templates/style.css.erb within layouts/inlined_string (0.4ms)
  Rendered /Users/danielromeroesteban/.rvm/gems/ruby-2.2.1/gems/web-console-2.2.1/lib/web_console/templates/console.js.erb within layouts/javascript (51.0ms)
  Rendered /Users/danielromeroesteban/.rvm/gems/ruby-2.2.1/gems/web-console-2.2.1/lib/web_console/templates/main.js.erb within layouts/javascript (0.3ms)
  Rendered /Users/danielromeroesteban/.rvm/gems/ruby-2.2.1/gems/web-console-2.2.1/lib/web_console/templates/error_page.js.erb within layouts/javascript (0.6ms)
  Rendered /Users/danielromeroesteban/.rvm/gems/ruby-2.2.1/gems/web-console-2.2.1/lib/web_console/templates/index.html.erb (116.2ms)


Started GET "/carrierwaves" for ::1 at 2015-11-23 23:27:59 +0100
Processing by CarrierwavesController#index as HTML
  Rendered carrierwaves/_form.html.haml (1.0ms)
  Rendered carrierwaves/index.html.haml within layouts/application (13.5ms)
  Rendered layouts/_header.html.haml (0.3ms)
Completed 200 OK in 56ms (Views: 55.6ms)


Started GET "/assets/application.self-e80e8f2318043e8af94dddc2adad5a4f09739a8ebb323b3ab31cd71d45fd9113.css?body=1" for ::1 at 2015-11-23 23:27:59 +0100


Started GET "/assets/jquery.self-a714331225dda820228db323939889f149aec0127aeb06255646b616ba1ca419.js?body=1" for ::1 at 2015-11-23 23:27:59 +0100


Started GET "/assets/turbolinks.self-c37727e9bd6b2735da5c311aa83fead54ed0be6cc8bd9a65309e9c5abe2cbfff.js?body=1" for ::1 at 2015-11-23 23:27:59 +0100


Started GET "/assets/application.self-3b8dabdc891efe46b9a144b400ad69e37d7e5876bdc39dee783419a69d7ca819.js?body=1" for ::1 at 2015-11-23 23:27:59 +0100


Started GET "/assets/jquery_ujs.self-d456baa54c1fa6be2ec3711f0a72ddf7a5b2f34a6b4f515f33767d6207b7d4b3.js?body=1" for ::1 at 2015-11-23 23:27:59 +0100


Started GET "/uploads/carrierwave/image/image/565231a1ec66158b95000000/original_Captura_de_pantalla_2015-11-22_a_las_18.21.59.png" for ::1 at 2015-11-23 23:27:59 +0100

ActionController::RoutingError (No route matches [GET] "/uploads/carrierwave/image/image/565231a1ec66158b95000000/original_Captura_de_pantalla_2015-11-22_a_las_18.21.59.png"):
  actionpack (4.2.4) lib/action_dispatch/middleware/debug_exceptions.rb:21:in `call'
  web-console (2.2.1) lib/web_console/middleware.rb:39:in `call'
  actionpack (4.2.4) lib/action_dispatch/middleware/show_exceptions.rb:30:in `call'
  railties (4.2.4) lib/rails/rack/logger.rb:38:in `call_app'
  railties (4.2.4) lib/rails/rack/logger.rb:20:in `block in call'
  activesupport (4.2.4) lib/active_support/tagged_logging.rb:68:in `block in tagged'
  activesupport (4.2.4) lib/active_support/tagged_logging.rb:26:in `tagged'
  activesupport (4.2.4) lib/active_support/tagged_logging.rb:68:in `tagged'
  railties (4.2.4) lib/rails/rack/logger.rb:20:in `call'
  actionpack (4.2.4) lib/action_dispatch/middleware/request_id.rb:21:in `call'
  rack (1.6.4) lib/rack/methodoverride.rb:22:in `call'
  rack (1.6.4) lib/rack/runtime.rb:18:in `call'
  activesupport (4.2.4) lib/active_support/cache/strategy/local_cache_middleware.rb:28:in `call'
  dragonfly (1.0.12) lib/dragonfly/cookie_monster.rb:9:in `call'
  rack (1.6.4) lib/rack/lock.rb:17:in `call'
  actionpack (4.2.4) lib/action_dispatch/middleware/static.rb:116:in `call'
  rack (1.6.4) lib/rack/sendfile.rb:113:in `call'
  railties (4.2.4) lib/rails/engine.rb:518:in `call'
  railties (4.2.4) lib/rails/application.rb:165:in `call'
  rack (1.6.4) lib/rack/lock.rb:17:in `call'
  rack (1.6.4) lib/rack/content_length.rb:15:in `call'
  rack (1.6.4) lib/rack/handler/webrick.rb:88:in `service'
  /Users/danielromeroesteban/.rvm/rubies/ruby-2.2.1/lib/ruby/2.2.0/webrick/httpserver.rb:138:in `service'
  /Users/danielromeroesteban/.rvm/rubies/ruby-2.2.1/lib/ruby/2.2.0/webrick/httpserver.rb:94:in `run'
  /Users/danielromeroesteban/.rvm/rubies/ruby-2.2.1/lib/ruby/2.2.0/webrick/server.rb:294:in `block in start_thread'


  Rendered /Users/danielromeroesteban/.rvm/gems/ruby-2.2.1/gems/actionpack-4.2.4/lib/action_dispatch/middleware/templates/rescues/_trace.html.erb (1.3ms)
  Rendered /Users/danielromeroesteban/.rvm/gems/ruby-2.2.1/gems/actionpack-4.2.4/lib/action_dispatch/middleware/templates/routes/_route.html.erb (1.2ms)
  Rendered /Users/danielromeroesteban/.rvm/gems/ruby-2.2.1/gems/actionpack-4.2.4/lib/action_dispatch/middleware/templates/routes/_table.html.erb (1.2ms)
  Rendered /Users/danielromeroesteban/.rvm/gems/ruby-2.2.1/gems/actionpack-4.2.4/lib/action_dispatch/middleware/templates/rescues/_request_and_response.html.erb (2.6ms)
  Rendered /Users/danielromeroesteban/.rvm/gems/ruby-2.2.1/gems/actionpack-4.2.4/lib/action_dispatch/middleware/templates/rescues/routing_error.html.erb within rescues/layout (81.7ms)
  Rendered /Users/danielromeroesteban/.rvm/gems/ruby-2.2.1/gems/web-console-2.2.1/lib/web_console/templates/_markup.html.erb (0.4ms)
  Rendered /Users/danielromeroesteban/.rvm/gems/ruby-2.2.1/gems/web-console-2.2.1/lib/web_console/templates/_inner_console_markup.html.erb within layouts/inlined_string (0.3ms)
  Rendered /Users/danielromeroesteban/.rvm/gems/ruby-2.2.1/gems/web-console-2.2.1/lib/web_console/templates/_prompt_box_markup.html.erb within layouts/inlined_string (0.5ms)
  Rendered /Users/danielromeroesteban/.rvm/gems/ruby-2.2.1/gems/web-console-2.2.1/lib/web_console/templates/style.css.erb within layouts/inlined_string (0.3ms)
  Rendered /Users/danielromeroesteban/.rvm/gems/ruby-2.2.1/gems/web-console-2.2.1/lib/web_console/templates/console.js.erb within layouts/javascript (51.1ms)
  Rendered /Users/danielromeroesteban/.rvm/gems/ruby-2.2.1/gems/web-console-2.2.1/lib/web_console/templates/main.js.erb within layouts/javascript (0.3ms)
  Rendered /Users/danielromeroesteban/.rvm/gems/ruby-2.2.1/gems/web-console-2.2.1/lib/web_console/templates/error_page.js.erb within layouts/javascript (0.4ms)
  Rendered /Users/danielromeroesteban/.rvm/gems/ruby-2.2.1/gems/web-console-2.2.1/lib/web_console/templates/index.html.erb (109.2ms)


Started GET "/uploads/carrierwave/image/image/565231a1ec66158b95000000/large_Captura_de_pantalla_2015-11-22_a_las_18.21.59.png" for ::1 at 2015-11-23 23:27:59 +0100

ActionController::RoutingError (No route matches [GET] "/uploads/carrierwave/image/image/565231a1ec66158b95000000/large_Captura_de_pantalla_2015-11-22_a_las_18.21.59.png"):
  actionpack (4.2.4) lib/action_dispatch/middleware/debug_exceptions.rb:21:in `call'
  web-console (2.2.1) lib/web_console/middleware.rb:39:in `call'
  actionpack (4.2.4) lib/action_dispatch/middleware/show_exceptions.rb:30:in `call'
  railties (4.2.4) lib/rails/rack/logger.rb:38:in `call_app'
  railties (4.2.4) lib/rails/rack/logger.rb:20:in `block in call'
  activesupport (4.2.4) lib/active_support/tagged_logging.rb:68:in `block in tagged'
  activesupport (4.2.4) lib/active_support/tagged_logging.rb:26:in `tagged'
  activesupport (4.2.4) lib/active_support/tagged_logging.rb:68:in `tagged'
  railties (4.2.4) lib/rails/rack/logger.rb:20:in `call'
  actionpack (4.2.4) lib/action_dispatch/middleware/request_id.rb:21:in `call'
  rack (1.6.4) lib/rack/methodoverride.rb:22:in `call'
  rack (1.6.4) lib/rack/runtime.rb:18:in `call'
  activesupport (4.2.4) lib/active_support/cache/strategy/local_cache_middleware.rb:28:in `call'
  dragonfly (1.0.12) lib/dragonfly/cookie_monster.rb:9:in `call'
  rack (1.6.4) lib/rack/lock.rb:17:in `call'
  actionpack (4.2.4) lib/action_dispatch/middleware/static.rb:116:in `call'
  rack (1.6.4) lib/rack/sendfile.rb:113:in `call'
  railties (4.2.4) lib/rails/engine.rb:518:in `call'
  railties (4.2.4) lib/rails/application.rb:165:in `call'
  rack (1.6.4) lib/rack/lock.rb:17:in `call'
  rack (1.6.4) lib/rack/content_length.rb:15:in `call'
  rack (1.6.4) lib/rack/handler/webrick.rb:88:in `service'
  /Users/danielromeroesteban/.rvm/rubies/ruby-2.2.1/lib/ruby/2.2.0/webrick/httpserver.rb:138:in `service'
  /Users/danielromeroesteban/.rvm/rubies/ruby-2.2.1/lib/ruby/2.2.0/webrick/httpserver.rb:94:in `run'
  /Users/danielromeroesteban/.rvm/rubies/ruby-2.2.1/lib/ruby/2.2.0/webrick/server.rb:294:in `block in start_thread'


  Rendered /Users/danielromeroesteban/.rvm/gems/ruby-2.2.1/gems/actionpack-4.2.4/lib/action_dispatch/middleware/templates/rescues/_trace.html.erb (1.3ms)
  Rendered /Users/danielromeroesteban/.rvm/gems/ruby-2.2.1/gems/actionpack-4.2.4/lib/action_dispatch/middleware/templates/routes/_route.html.erb (1.5ms)
  Rendered /Users/danielromeroesteban/.rvm/gems/ruby-2.2.1/gems/actionpack-4.2.4/lib/action_dispatch/middleware/templates/routes/_table.html.erb (16.9ms)
  Rendered /Users/danielromeroesteban/.rvm/gems/ruby-2.2.1/gems/actionpack-4.2.4/lib/action_dispatch/middleware/templates/rescues/_request_and_response.html.erb (1.3ms)
  Rendered /Users/danielromeroesteban/.rvm/gems/ruby-2.2.1/gems/actionpack-4.2.4/lib/action_dispatch/middleware/templates/rescues/routing_error.html.erb within rescues/layout (102.0ms)
  Rendered /Users/danielromeroesteban/.rvm/gems/ruby-2.2.1/gems/web-console-2.2.1/lib/web_console/templates/_markup.html.erb (1.7ms)
  Rendered /Users/danielromeroesteban/.rvm/gems/ruby-2.2.1/gems/web-console-2.2.1/lib/web_console/templates/_inner_console_markup.html.erb within layouts/inlined_string (0.3ms)
  Rendered /Users/danielromeroesteban/.rvm/gems/ruby-2.2.1/gems/web-console-2.2.1/lib/web_console/templates/_prompt_box_markup.html.erb within layouts/inlined_string (0.6ms)
  Rendered /Users/danielromeroesteban/.rvm/gems/ruby-2.2.1/gems/web-console-2.2.1/lib/web_console/templates/style.css.erb within layouts/inlined_string (0.3ms)
  Rendered /Users/danielromeroesteban/.rvm/gems/ruby-2.2.1/gems/web-console-2.2.1/lib/web_console/templates/console.js.erb within layouts/javascript (54.9ms)
  Rendered /Users/danielromeroesteban/.rvm/gems/ruby-2.2.1/gems/web-console-2.2.1/lib/web_console/templates/main.js.erb within layouts/javascript (0.3ms)
  Rendered /Users/danielromeroesteban/.rvm/gems/ruby-2.2.1/gems/web-console-2.2.1/lib/web_console/templates/error_page.js.erb within layouts/javascript (0.5ms)
  Rendered /Users/danielromeroesteban/.rvm/gems/ruby-2.2.1/gems/web-console-2.2.1/lib/web_console/templates/index.html.erb (123.0ms)


Started GET "/uploads/carrierwave/image/image/565231a1ec66158b95000000/medium_Captura_de_pantalla_2015-11-22_a_las_18.21.59.png" for ::1 at 2015-11-23 23:28:00 +0100

ActionController::RoutingError (No route matches [GET] "/uploads/carrierwave/image/image/565231a1ec66158b95000000/medium_Captura_de_pantalla_2015-11-22_a_las_18.21.59.png"):
  actionpack (4.2.4) lib/action_dispatch/middleware/debug_exceptions.rb:21:in `call'
  web-console (2.2.1) lib/web_console/middleware.rb:39:in `call'
  actionpack (4.2.4) lib/action_dispatch/middleware/show_exceptions.rb:30:in `call'
  railties (4.2.4) lib/rails/rack/logger.rb:38:in `call_app'
  railties (4.2.4) lib/rails/rack/logger.rb:20:in `block in call'
  activesupport (4.2.4) lib/active_support/tagged_logging.rb:68:in `block in tagged'
  activesupport (4.2.4) lib/active_support/tagged_logging.rb:26:in `tagged'
  activesupport (4.2.4) lib/active_support/tagged_logging.rb:68:in `tagged'
  railties (4.2.4) lib/rails/rack/logger.rb:20:in `call'
  actionpack (4.2.4) lib/action_dispatch/middleware/request_id.rb:21:in `call'
  rack (1.6.4) lib/rack/methodoverride.rb:22:in `call'
  rack (1.6.4) lib/rack/runtime.rb:18:in `call'
  activesupport (4.2.4) lib/active_support/cache/strategy/local_cache_middleware.rb:28:in `call'
  dragonfly (1.0.12) lib/dragonfly/cookie_monster.rb:9:in `call'
  rack (1.6.4) lib/rack/lock.rb:17:in `call'
  actionpack (4.2.4) lib/action_dispatch/middleware/static.rb:116:in `call'
  rack (1.6.4) lib/rack/sendfile.rb:113:in `call'
  railties (4.2.4) lib/rails/engine.rb:518:in `call'
  railties (4.2.4) lib/rails/application.rb:165:in `call'
  rack (1.6.4) lib/rack/lock.rb:17:in `call'
  rack (1.6.4) lib/rack/content_length.rb:15:in `call'
  rack (1.6.4) lib/rack/handler/webrick.rb:88:in `service'
  /Users/danielromeroesteban/.rvm/rubies/ruby-2.2.1/lib/ruby/2.2.0/webrick/httpserver.rb:138:in `service'
  /Users/danielromeroesteban/.rvm/rubies/ruby-2.2.1/lib/ruby/2.2.0/webrick/httpserver.rb:94:in `run'
  /Users/danielromeroesteban/.rvm/rubies/ruby-2.2.1/lib/ruby/2.2.0/webrick/server.rb:294:in `block in start_thread'


  Rendered /Users/danielromeroesteban/.rvm/gems/ruby-2.2.1/gems/actionpack-4.2.4/lib/action_dispatch/middleware/templates/rescues/_trace.html.erb (1.3ms)
  Rendered /Users/danielromeroesteban/.rvm/gems/ruby-2.2.1/gems/actionpack-4.2.4/lib/action_dispatch/middleware/templates/routes/_route.html.erb (1.5ms)
  Rendered /Users/danielromeroesteban/.rvm/gems/ruby-2.2.1/gems/actionpack-4.2.4/lib/action_dispatch/middleware/templates/routes/_table.html.erb (2.3ms)
  Rendered /Users/danielromeroesteban/.rvm/gems/ruby-2.2.1/gems/actionpack-4.2.4/lib/action_dispatch/middleware/templates/rescues/_request_and_response.html.erb (1.4ms)
  Rendered /Users/danielromeroesteban/.rvm/gems/ruby-2.2.1/gems/actionpack-4.2.4/lib/action_dispatch/middleware/templates/rescues/routing_error.html.erb within rescues/layout (91.6ms)
  Rendered /Users/danielromeroesteban/.rvm/gems/ruby-2.2.1/gems/web-console-2.2.1/lib/web_console/templates/_markup.html.erb (0.4ms)
  Rendered /Users/danielromeroesteban/.rvm/gems/ruby-2.2.1/gems/web-console-2.2.1/lib/web_console/templates/_inner_console_markup.html.erb within layouts/inlined_string (0.6ms)
  Rendered /Users/danielromeroesteban/.rvm/gems/ruby-2.2.1/gems/web-console-2.2.1/lib/web_console/templates/_prompt_box_markup.html.erb within layouts/inlined_string (0.4ms)
  Rendered /Users/danielromeroesteban/.rvm/gems/ruby-2.2.1/gems/web-console-2.2.1/lib/web_console/templates/style.css.erb within layouts/inlined_string (0.3ms)
  Rendered /Users/danielromeroesteban/.rvm/gems/ruby-2.2.1/gems/web-console-2.2.1/lib/web_console/templates/console.js.erb within layouts/javascript (53.5ms)
  Rendered /Users/danielromeroesteban/.rvm/gems/ruby-2.2.1/gems/web-console-2.2.1/lib/web_console/templates/main.js.erb within layouts/javascript (0.3ms)
  Rendered /Users/danielromeroesteban/.rvm/gems/ruby-2.2.1/gems/web-console-2.2.1/lib/web_console/templates/error_page.js.erb within layouts/javascript (0.5ms)
  Rendered /Users/danielromeroesteban/.rvm/gems/ruby-2.2.1/gems/web-console-2.2.1/lib/web_console/templates/index.html.erb (119.9ms)


Started GET "/uploads/carrierwave/image/image/565231a1ec66158b95000000/small_Captura_de_pantalla_2015-11-22_a_las_18.21.59.png" for ::1 at 2015-11-23 23:28:00 +0100

ActionController::RoutingError (No route matches [GET] "/uploads/carrierwave/image/image/565231a1ec66158b95000000/small_Captura_de_pantalla_2015-11-22_a_las_18.21.59.png"):
  actionpack (4.2.4) lib/action_dispatch/middleware/debug_exceptions.rb:21:in `call'
  web-console (2.2.1) lib/web_console/middleware.rb:39:in `call'
  actionpack (4.2.4) lib/action_dispatch/middleware/show_exceptions.rb:30:in `call'
  railties (4.2.4) lib/rails/rack/logger.rb:38:in `call_app'
  railties (4.2.4) lib/rails/rack/logger.rb:20:in `block in call'
  activesupport (4.2.4) lib/active_support/tagged_logging.rb:68:in `block in tagged'
  activesupport (4.2.4) lib/active_support/tagged_logging.rb:26:in `tagged'
  activesupport (4.2.4) lib/active_support/tagged_logging.rb:68:in `tagged'
  railties (4.2.4) lib/rails/rack/logger.rb:20:in `call'
  actionpack (4.2.4) lib/action_dispatch/middleware/request_id.rb:21:in `call'
  rack (1.6.4) lib/rack/methodoverride.rb:22:in `call'
  rack (1.6.4) lib/rack/runtime.rb:18:in `call'
  activesupport (4.2.4) lib/active_support/cache/strategy/local_cache_middleware.rb:28:in `call'
  dragonfly (1.0.12) lib/dragonfly/cookie_monster.rb:9:in `call'
  rack (1.6.4) lib/rack/lock.rb:17:in `call'
  actionpack (4.2.4) lib/action_dispatch/middleware/static.rb:116:in `call'
  rack (1.6.4) lib/rack/sendfile.rb:113:in `call'
  railties (4.2.4) lib/rails/engine.rb:518:in `call'
  railties (4.2.4) lib/rails/application.rb:165:in `call'
  rack (1.6.4) lib/rack/lock.rb:17:in `call'
  rack (1.6.4) lib/rack/content_length.rb:15:in `call'
  rack (1.6.4) lib/rack/handler/webrick.rb:88:in `service'
  /Users/danielromeroesteban/.rvm/rubies/ruby-2.2.1/lib/ruby/2.2.0/webrick/httpserver.rb:138:in `service'
  /Users/danielromeroesteban/.rvm/rubies/ruby-2.2.1/lib/ruby/2.2.0/webrick/httpserver.rb:94:in `run'
  /Users/danielromeroesteban/.rvm/rubies/ruby-2.2.1/lib/ruby/2.2.0/webrick/server.rb:294:in `block in start_thread'


  Rendered /Users/danielromeroesteban/.rvm/gems/ruby-2.2.1/gems/actionpack-4.2.4/lib/action_dispatch/middleware/templates/rescues/_trace.html.erb (1.5ms)
  Rendered /Users/danielromeroesteban/.rvm/gems/ruby-2.2.1/gems/actionpack-4.2.4/lib/action_dispatch/middleware/templates/routes/_route.html.erb (1.5ms)
  Rendered /Users/danielromeroesteban/.rvm/gems/ruby-2.2.1/gems/actionpack-4.2.4/lib/action_dispatch/middleware/templates/routes/_table.html.erb (1.2ms)
  Rendered /Users/danielromeroesteban/.rvm/gems/ruby-2.2.1/gems/actionpack-4.2.4/lib/action_dispatch/middleware/templates/rescues/_request_and_response.html.erb (1.1ms)
  Rendered /Users/danielromeroesteban/.rvm/gems/ruby-2.2.1/gems/actionpack-4.2.4/lib/action_dispatch/middleware/templates/rescues/routing_error.html.erb within rescues/layout (80.9ms)
  Rendered /Users/danielromeroesteban/.rvm/gems/ruby-2.2.1/gems/web-console-2.2.1/lib/web_console/templates/_markup.html.erb (0.5ms)
  Rendered /Users/danielromeroesteban/.rvm/gems/ruby-2.2.1/gems/web-console-2.2.1/lib/web_console/templates/_inner_console_markup.html.erb within layouts/inlined_string (0.5ms)
  Rendered /Users/danielromeroesteban/.rvm/gems/ruby-2.2.1/gems/web-console-2.2.1/lib/web_console/templates/_prompt_box_markup.html.erb within layouts/inlined_string (0.4ms)
  Rendered /Users/danielromeroesteban/.rvm/gems/ruby-2.2.1/gems/web-console-2.2.1/lib/web_console/templates/style.css.erb within layouts/inlined_string (0.5ms)
  Rendered /Users/danielromeroesteban/.rvm/gems/ruby-2.2.1/gems/web-console-2.2.1/lib/web_console/templates/console.js.erb within layouts/javascript (48.0ms)
  Rendered /Users/danielromeroesteban/.rvm/gems/ruby-2.2.1/gems/web-console-2.2.1/lib/web_console/templates/main.js.erb within layouts/javascript (0.3ms)
  Rendered /Users/danielromeroesteban/.rvm/gems/ruby-2.2.1/gems/web-console-2.2.1/lib/web_console/templates/error_page.js.erb within layouts/javascript (0.4ms)
  Rendered /Users/danielromeroesteban/.rvm/gems/ruby-2.2.1/gems/web-console-2.2.1/lib/web_console/templates/index.html.erb (113.3ms)


Started POST "/carrierwaves" for ::1 at 2015-11-23 23:33:49 +0100
Processing by CarrierwavesController#create as HTML
  Parameters: {"utf8"=>"✓", "authenticity_token"=>"StJqF5JpsDbugB31B3Vsz3hzJsrIUbfLmwgVrJ0jpq1mRCHl3FzswyXlcfJztmKAEwcjR5J6uHq8ozjfeI9ORw==", "carrierwave"=>{"file"=>#<ActionDispatch::Http::UploadedFile:0x007fc9c06de958 @tempfile=#<Tempfile:/var/folders/df/h4d7lrg93yn7dz7rhdc4r2ch0000gn/T/RackMultipart20151123-36874-1atc1uu.pages>, @original_filename="codetails borrador.pages", @content_type="application/octet-stream", @headers="Content-Disposition: form-data; name=\"carrierwave[file]\"; filename=\"codetails borrador.pages\"\r\nContent-Type: application/octet-stream\r\n">, "image"=>#<ActionDispatch::Http::UploadedFile:0x007fc9c06de908 @tempfile=#<Tempfile:/var/folders/df/h4d7lrg93yn7dz7rhdc4r2ch0000gn/T/RackMultipart20151123-36874-1x8jiv4.png>, @original_filename="Captura de pantalla 2015-11-22 a las 18.21.59.png", @content_type="image/png", @headers="Content-Disposition: form-data; name=\"carrierwave[image]\"; filename=\"Captura de pantalla 2015-11-22 a las 18.21.59.png\"\r\nContent-Type: image/png\r\n">}, "commit"=>"Pa subir"}
Redirected to http://localhost:3000/
Completed 302 Found in 902ms


Started GET "/" for ::1 at 2015-11-23 23:33:50 +0100
Processing by ApplicationController#index as HTML
  Rendered application/index.html.haml within layouts/application (26.0ms)
  Rendered layouts/_header.html.haml (0.3ms)
Completed 200 OK in 62ms (Views: 61.8ms)


Started GET "/carrierwaves" for ::1 at 2015-11-23 23:33:52 +0100
Processing by CarrierwavesController#index as HTML
  Rendered carrierwaves/_form.html.haml (1.4ms)
  Rendered carrierwaves/index.html.haml within layouts/application (16.5ms)
  Rendered layouts/_header.html.haml (0.5ms)
Completed 200 OK in 68ms (Views: 67.4ms)


Started GET "/uploads/carrierwave/image/image/565231a1ec66158b95000000/original_Captura_de_pantalla_2015-11-22_a_las_18.21.59.png" for ::1 at 2015-11-23 23:33:52 +0100

ActionController::RoutingError (No route matches [GET] "/uploads/carrierwave/image/image/565231a1ec66158b95000000/original_Captura_de_pantalla_2015-11-22_a_las_18.21.59.png"):
  actionpack (4.2.4) lib/action_dispatch/middleware/debug_exceptions.rb:21:in `call'
  web-console (2.2.1) lib/web_console/middleware.rb:39:in `call'
  actionpack (4.2.4) lib/action_dispatch/middleware/show_exceptions.rb:30:in `call'
  railties (4.2.4) lib/rails/rack/logger.rb:38:in `call_app'
  railties (4.2.4) lib/rails/rack/logger.rb:20:in `block in call'
  activesupport (4.2.4) lib/active_support/tagged_logging.rb:68:in `block in tagged'
  activesupport (4.2.4) lib/active_support/tagged_logging.rb:26:in `tagged'
  activesupport (4.2.4) lib/active_support/tagged_logging.rb:68:in `tagged'
  railties (4.2.4) lib/rails/rack/logger.rb:20:in `call'
  actionpack (4.2.4) lib/action_dispatch/middleware/request_id.rb:21:in `call'
  rack (1.6.4) lib/rack/methodoverride.rb:22:in `call'
  rack (1.6.4) lib/rack/runtime.rb:18:in `call'
  activesupport (4.2.4) lib/active_support/cache/strategy/local_cache_middleware.rb:28:in `call'
  dragonfly (1.0.12) lib/dragonfly/cookie_monster.rb:9:in `call'
  rack (1.6.4) lib/rack/lock.rb:17:in `call'
  actionpack (4.2.4) lib/action_dispatch/middleware/static.rb:116:in `call'
  rack (1.6.4) lib/rack/sendfile.rb:113:in `call'
  railties (4.2.4) lib/rails/engine.rb:518:in `call'
  railties (4.2.4) lib/rails/application.rb:165:in `call'
  rack (1.6.4) lib/rack/lock.rb:17:in `call'
  rack (1.6.4) lib/rack/content_length.rb:15:in `call'
  rack (1.6.4) lib/rack/handler/webrick.rb:88:in `service'
  /Users/danielromeroesteban/.rvm/rubies/ruby-2.2.1/lib/ruby/2.2.0/webrick/httpserver.rb:138:in `service'
  /Users/danielromeroesteban/.rvm/rubies/ruby-2.2.1/lib/ruby/2.2.0/webrick/httpserver.rb:94:in `run'
  /Users/danielromeroesteban/.rvm/rubies/ruby-2.2.1/lib/ruby/2.2.0/webrick/server.rb:294:in `block in start_thread'


  Rendered /Users/danielromeroesteban/.rvm/gems/ruby-2.2.1/gems/actionpack-4.2.4/lib/action_dispatch/middleware/templates/rescues/_trace.html.erb (6.3ms)
  Rendered /Users/danielromeroesteban/.rvm/gems/ruby-2.2.1/gems/actionpack-4.2.4/lib/action_dispatch/middleware/templates/routes/_route.html.erb (8.3ms)
  Rendered /Users/danielromeroesteban/.rvm/gems/ruby-2.2.1/gems/actionpack-4.2.4/lib/action_dispatch/middleware/templates/routes/_table.html.erb (1.3ms)
  Rendered /Users/danielromeroesteban/.rvm/gems/ruby-2.2.1/gems/actionpack-4.2.4/lib/action_dispatch/middleware/templates/rescues/_request_and_response.html.erb (1.9ms)
  Rendered /Users/danielromeroesteban/.rvm/gems/ruby-2.2.1/gems/actionpack-4.2.4/lib/action_dispatch/middleware/templates/rescues/routing_error.html.erb within rescues/layout (125.2ms)
  Rendered /Users/danielromeroesteban/.rvm/gems/ruby-2.2.1/gems/web-console-2.2.1/lib/web_console/templates/_markup.html.erb (0.4ms)
  Rendered /Users/danielromeroesteban/.rvm/gems/ruby-2.2.1/gems/web-console-2.2.1/lib/web_console/templates/_inner_console_markup.html.erb within layouts/inlined_string (0.4ms)
  Rendered /Users/danielromeroesteban/.rvm/gems/ruby-2.2.1/gems/web-console-2.2.1/lib/web_console/templates/_prompt_box_markup.html.erb within layouts/inlined_string (0.2ms)
  Rendered /Users/danielromeroesteban/.rvm/gems/ruby-2.2.1/gems/web-console-2.2.1/lib/web_console/templates/style.css.erb within layouts/inlined_string (0.3ms)
  Rendered /Users/danielromeroesteban/.rvm/gems/ruby-2.2.1/gems/web-console-2.2.1/lib/web_console/templates/console.js.erb within layouts/javascript (43.7ms)
  Rendered /Users/danielromeroesteban/.rvm/gems/ruby-2.2.1/gems/web-console-2.2.1/lib/web_console/templates/main.js.erb within layouts/javascript (0.6ms)
  Rendered /Users/danielromeroesteban/.rvm/gems/ruby-2.2.1/gems/web-console-2.2.1/lib/web_console/templates/error_page.js.erb within layouts/javascript (0.4ms)
  Rendered /Users/danielromeroesteban/.rvm/gems/ruby-2.2.1/gems/web-console-2.2.1/lib/web_console/templates/index.html.erb (111.4ms)


Started GET "/uploads/carrierwave/image/image/565231a1ec66158b95000000/large_Captura_de_pantalla_2015-11-22_a_las_18.21.59.png" for ::1 at 2015-11-23 23:33:52 +0100

ActionController::RoutingError (No route matches [GET] "/uploads/carrierwave/image/image/565231a1ec66158b95000000/large_Captura_de_pantalla_2015-11-22_a_las_18.21.59.png"):
  actionpack (4.2.4) lib/action_dispatch/middleware/debug_exceptions.rb:21:in `call'
  web-console (2.2.1) lib/web_console/middleware.rb:39:in `call'
  actionpack (4.2.4) lib/action_dispatch/middleware/show_exceptions.rb:30:in `call'
  railties (4.2.4) lib/rails/rack/logger.rb:38:in `call_app'
  railties (4.2.4) lib/rails/rack/logger.rb:20:in `block in call'
  activesupport (4.2.4) lib/active_support/tagged_logging.rb:68:in `block in tagged'
  activesupport (4.2.4) lib/active_support/tagged_logging.rb:26:in `tagged'
  activesupport (4.2.4) lib/active_support/tagged_logging.rb:68:in `tagged'
  railties (4.2.4) lib/rails/rack/logger.rb:20:in `call'
  actionpack (4.2.4) lib/action_dispatch/middleware/request_id.rb:21:in `call'
  rack (1.6.4) lib/rack/methodoverride.rb:22:in `call'
  rack (1.6.4) lib/rack/runtime.rb:18:in `call'
  activesupport (4.2.4) lib/active_support/cache/strategy/local_cache_middleware.rb:28:in `call'
  dragonfly (1.0.12) lib/dragonfly/cookie_monster.rb:9:in `call'
  rack (1.6.4) lib/rack/lock.rb:17:in `call'
  actionpack (4.2.4) lib/action_dispatch/middleware/static.rb:116:in `call'
  rack (1.6.4) lib/rack/sendfile.rb:113:in `call'
  railties (4.2.4) lib/rails/engine.rb:518:in `call'
  railties (4.2.4) lib/rails/application.rb:165:in `call'
  rack (1.6.4) lib/rack/lock.rb:17:in `call'
  rack (1.6.4) lib/rack/content_length.rb:15:in `call'
  rack (1.6.4) lib/rack/handler/webrick.rb:88:in `service'
  /Users/danielromeroesteban/.rvm/rubies/ruby-2.2.1/lib/ruby/2.2.0/webrick/httpserver.rb:138:in `service'
  /Users/danielromeroesteban/.rvm/rubies/ruby-2.2.1/lib/ruby/2.2.0/webrick/httpserver.rb:94:in `run'
  /Users/danielromeroesteban/.rvm/rubies/ruby-2.2.1/lib/ruby/2.2.0/webrick/server.rb:294:in `block in start_thread'


  Rendered /Users/danielromeroesteban/.rvm/gems/ruby-2.2.1/gems/actionpack-4.2.4/lib/action_dispatch/middleware/templates/rescues/_trace.html.erb (1.9ms)
  Rendered /Users/danielromeroesteban/.rvm/gems/ruby-2.2.1/gems/actionpack-4.2.4/lib/action_dispatch/middleware/templates/routes/_route.html.erb (1.6ms)
  Rendered /Users/danielromeroesteban/.rvm/gems/ruby-2.2.1/gems/actionpack-4.2.4/lib/action_dispatch/middleware/templates/routes/_table.html.erb (1.7ms)
  Rendered /Users/danielromeroesteban/.rvm/gems/ruby-2.2.1/gems/actionpack-4.2.4/lib/action_dispatch/middleware/templates/rescues/_request_and_response.html.erb (1.1ms)
  Rendered /Users/danielromeroesteban/.rvm/gems/ruby-2.2.1/gems/actionpack-4.2.4/lib/action_dispatch/middleware/templates/rescues/routing_error.html.erb within rescues/layout (75.9ms)
  Rendered /Users/danielromeroesteban/.rvm/gems/ruby-2.2.1/gems/web-console-2.2.1/lib/web_console/templates/_markup.html.erb (1.7ms)
  Rendered /Users/danielromeroesteban/.rvm/gems/ruby-2.2.1/gems/web-console-2.2.1/lib/web_console/templates/_inner_console_markup.html.erb within layouts/inlined_string (0.4ms)
  Rendered /Users/danielromeroesteban/.rvm/gems/ruby-2.2.1/gems/web-console-2.2.1/lib/web_console/templates/_prompt_box_markup.html.erb within layouts/inlined_string (1.7ms)
  Rendered /Users/danielromeroesteban/.rvm/gems/ruby-2.2.1/gems/web-console-2.2.1/lib/web_console/templates/style.css.erb within layouts/inlined_string (0.3ms)
  Rendered /Users/danielromeroesteban/.rvm/gems/ruby-2.2.1/gems/web-console-2.2.1/lib/web_console/templates/console.js.erb within layouts/javascript (49.0ms)
  Rendered /Users/danielromeroesteban/.rvm/gems/ruby-2.2.1/gems/web-console-2.2.1/lib/web_console/templates/main.js.erb within layouts/javascript (0.3ms)
  Rendered /Users/danielromeroesteban/.rvm/gems/ruby-2.2.1/gems/web-console-2.2.1/lib/web_console/templates/error_page.js.erb within layouts/javascript (0.4ms)
  Rendered /Users/danielromeroesteban/.rvm/gems/ruby-2.2.1/gems/web-console-2.2.1/lib/web_console/templates/index.html.erb (110.6ms)


Started GET "/uploads/carrierwave/image/image/565231a1ec66158b95000000/medium_Captura_de_pantalla_2015-11-22_a_las_18.21.59.png" for ::1 at 2015-11-23 23:33:52 +0100

ActionController::RoutingError (No route matches [GET] "/uploads/carrierwave/image/image/565231a1ec66158b95000000/medium_Captura_de_pantalla_2015-11-22_a_las_18.21.59.png"):
  actionpack (4.2.4) lib/action_dispatch/middleware/debug_exceptions.rb:21:in `call'
  web-console (2.2.1) lib/web_console/middleware.rb:39:in `call'
  actionpack (4.2.4) lib/action_dispatch/middleware/show_exceptions.rb:30:in `call'
  railties (4.2.4) lib/rails/rack/logger.rb:38:in `call_app'
  railties (4.2.4) lib/rails/rack/logger.rb:20:in `block in call'
  activesupport (4.2.4) lib/active_support/tagged_logging.rb:68:in `block in tagged'
  activesupport (4.2.4) lib/active_support/tagged_logging.rb:26:in `tagged'
  activesupport (4.2.4) lib/active_support/tagged_logging.rb:68:in `tagged'
  railties (4.2.4) lib/rails/rack/logger.rb:20:in `call'
  actionpack (4.2.4) lib/action_dispatch/middleware/request_id.rb:21:in `call'
  rack (1.6.4) lib/rack/methodoverride.rb:22:in `call'
  rack (1.6.4) lib/rack/runtime.rb:18:in `call'
  activesupport (4.2.4) lib/active_support/cache/strategy/local_cache_middleware.rb:28:in `call'
  dragonfly (1.0.12) lib/dragonfly/cookie_monster.rb:9:in `call'
  rack (1.6.4) lib/rack/lock.rb:17:in `call'
  actionpack (4.2.4) lib/action_dispatch/middleware/static.rb:116:in `call'
  rack (1.6.4) lib/rack/sendfile.rb:113:in `call'
  railties (4.2.4) lib/rails/engine.rb:518:in `call'
  railties (4.2.4) lib/rails/application.rb:165:in `call'
  rack (1.6.4) lib/rack/lock.rb:17:in `call'
  rack (1.6.4) lib/rack/content_length.rb:15:in `call'
  rack (1.6.4) lib/rack/handler/webrick.rb:88:in `service'
  /Users/danielromeroesteban/.rvm/rubies/ruby-2.2.1/lib/ruby/2.2.0/webrick/httpserver.rb:138:in `service'
  /Users/danielromeroesteban/.rvm/rubies/ruby-2.2.1/lib/ruby/2.2.0/webrick/httpserver.rb:94:in `run'
  /Users/danielromeroesteban/.rvm/rubies/ruby-2.2.1/lib/ruby/2.2.0/webrick/server.rb:294:in `block in start_thread'


  Rendered /Users/danielromeroesteban/.rvm/gems/ruby-2.2.1/gems/actionpack-4.2.4/lib/action_dispatch/middleware/templates/rescues/_trace.html.erb (1.6ms)
  Rendered /Users/danielromeroesteban/.rvm/gems/ruby-2.2.1/gems/actionpack-4.2.4/lib/action_dispatch/middleware/templates/routes/_route.html.erb (2.4ms)
  Rendered /Users/danielromeroesteban/.rvm/gems/ruby-2.2.1/gems/actionpack-4.2.4/lib/action_dispatch/middleware/templates/routes/_table.html.erb (1.4ms)
  Rendered /Users/danielromeroesteban/.rvm/gems/ruby-2.2.1/gems/actionpack-4.2.4/lib/action_dispatch/middleware/templates/rescues/_request_and_response.html.erb (1.5ms)
  Rendered /Users/danielromeroesteban/.rvm/gems/ruby-2.2.1/gems/actionpack-4.2.4/lib/action_dispatch/middleware/templates/rescues/routing_error.html.erb within rescues/layout (89.5ms)
  Rendered /Users/danielromeroesteban/.rvm/gems/ruby-2.2.1/gems/web-console-2.2.1/lib/web_console/templates/_markup.html.erb (0.5ms)
  Rendered /Users/danielromeroesteban/.rvm/gems/ruby-2.2.1/gems/web-console-2.2.1/lib/web_console/templates/_inner_console_markup.html.erb within layouts/inlined_string (0.3ms)
  Rendered /Users/danielromeroesteban/.rvm/gems/ruby-2.2.1/gems/web-console-2.2.1/lib/web_console/templates/_prompt_box_markup.html.erb within layouts/inlined_string (0.4ms)
  Rendered /Users/danielromeroesteban/.rvm/gems/ruby-2.2.1/gems/web-console-2.2.1/lib/web_console/templates/style.css.erb within layouts/inlined_string (0.3ms)
  Rendered /Users/danielromeroesteban/.rvm/gems/ruby-2.2.1/gems/web-console-2.2.1/lib/web_console/templates/console.js.erb within layouts/javascript (48.3ms)
  Rendered /Users/danielromeroesteban/.rvm/gems/ruby-2.2.1/gems/web-console-2.2.1/lib/web_console/templates/main.js.erb within layouts/javascript (0.3ms)
  Rendered /Users/danielromeroesteban/.rvm/gems/ruby-2.2.1/gems/web-console-2.2.1/lib/web_console/templates/error_page.js.erb within layouts/javascript (0.4ms)
  Rendered /Users/danielromeroesteban/.rvm/gems/ruby-2.2.1/gems/web-console-2.2.1/lib/web_console/templates/index.html.erb (110.2ms)


Started GET "/uploads/carrierwave/image/image/565231a1ec66158b95000000/small_Captura_de_pantalla_2015-11-22_a_las_18.21.59.png" for ::1 at 2015-11-23 23:33:53 +0100

ActionController::RoutingError (No route matches [GET] "/uploads/carrierwave/image/image/565231a1ec66158b95000000/small_Captura_de_pantalla_2015-11-22_a_las_18.21.59.png"):
  actionpack (4.2.4) lib/action_dispatch/middleware/debug_exceptions.rb:21:in `call'
  web-console (2.2.1) lib/web_console/middleware.rb:39:in `call'
  actionpack (4.2.4) lib/action_dispatch/middleware/show_exceptions.rb:30:in `call'
  railties (4.2.4) lib/rails/rack/logger.rb:38:in `call_app'
  railties (4.2.4) lib/rails/rack/logger.rb:20:in `block in call'
  activesupport (4.2.4) lib/active_support/tagged_logging.rb:68:in `block in tagged'
  activesupport (4.2.4) lib/active_support/tagged_logging.rb:26:in `tagged'
  activesupport (4.2.4) lib/active_support/tagged_logging.rb:68:in `tagged'
  railties (4.2.4) lib/rails/rack/logger.rb:20:in `call'
  actionpack (4.2.4) lib/action_dispatch/middleware/request_id.rb:21:in `call'
  rack (1.6.4) lib/rack/methodoverride.rb:22:in `call'
  rack (1.6.4) lib/rack/runtime.rb:18:in `call'
  activesupport (4.2.4) lib/active_support/cache/strategy/local_cache_middleware.rb:28:in `call'
  dragonfly (1.0.12) lib/dragonfly/cookie_monster.rb:9:in `call'
  rack (1.6.4) lib/rack/lock.rb:17:in `call'
  actionpack (4.2.4) lib/action_dispatch/middleware/static.rb:116:in `call'
  rack (1.6.4) lib/rack/sendfile.rb:113:in `call'
  railties (4.2.4) lib/rails/engine.rb:518:in `call'
  railties (4.2.4) lib/rails/application.rb:165:in `call'
  rack (1.6.4) lib/rack/lock.rb:17:in `call'
  rack (1.6.4) lib/rack/content_length.rb:15:in `call'
  rack (1.6.4) lib/rack/handler/webrick.rb:88:in `service'
  /Users/danielromeroesteban/.rvm/rubies/ruby-2.2.1/lib/ruby/2.2.0/webrick/httpserver.rb:138:in `service'
  /Users/danielromeroesteban/.rvm/rubies/ruby-2.2.1/lib/ruby/2.2.0/webrick/httpserver.rb:94:in `run'
  /Users/danielromeroesteban/.rvm/rubies/ruby-2.2.1/lib/ruby/2.2.0/webrick/server.rb:294:in `block in start_thread'


  Rendered /Users/danielromeroesteban/.rvm/gems/ruby-2.2.1/gems/actionpack-4.2.4/lib/action_dispatch/middleware/templates/rescues/_trace.html.erb (1.3ms)
  Rendered /Users/danielromeroesteban/.rvm/gems/ruby-2.2.1/gems/actionpack-4.2.4/lib/action_dispatch/middleware/templates/routes/_route.html.erb (1.5ms)
  Rendered /Users/danielromeroesteban/.rvm/gems/ruby-2.2.1/gems/actionpack-4.2.4/lib/action_dispatch/middleware/templates/routes/_table.html.erb (1.9ms)
  Rendered /Users/danielromeroesteban/.rvm/gems/ruby-2.2.1/gems/actionpack-4.2.4/lib/action_dispatch/middleware/templates/rescues/_request_and_response.html.erb (1.2ms)
  Rendered /Users/danielromeroesteban/.rvm/gems/ruby-2.2.1/gems/actionpack-4.2.4/lib/action_dispatch/middleware/templates/rescues/routing_error.html.erb within rescues/layout (74.7ms)
  Rendered /Users/danielromeroesteban/.rvm/gems/ruby-2.2.1/gems/web-console-2.2.1/lib/web_console/templates/_markup.html.erb (0.4ms)
  Rendered /Users/danielromeroesteban/.rvm/gems/ruby-2.2.1/gems/web-console-2.2.1/lib/web_console/templates/_inner_console_markup.html.erb within layouts/inlined_string (0.3ms)
  Rendered /Users/danielromeroesteban/.rvm/gems/ruby-2.2.1/gems/web-console-2.2.1/lib/web_console/templates/_prompt_box_markup.html.erb within layouts/inlined_string (0.5ms)
  Rendered /Users/danielromeroesteban/.rvm/gems/ruby-2.2.1/gems/web-console-2.2.1/lib/web_console/templates/style.css.erb within layouts/inlined_string (0.3ms)
  Rendered /Users/danielromeroesteban/.rvm/gems/ruby-2.2.1/gems/web-console-2.2.1/lib/web_console/templates/console.js.erb within layouts/javascript (47.9ms)
  Rendered /Users/danielromeroesteban/.rvm/gems/ruby-2.2.1/gems/web-console-2.2.1/lib/web_console/templates/main.js.erb within layouts/javascript (0.3ms)
  Rendered /Users/danielromeroesteban/.rvm/gems/ruby-2.2.1/gems/web-console-2.2.1/lib/web_console/templates/error_page.js.erb within layouts/javascript (1.1ms)
  Rendered /Users/danielromeroesteban/.rvm/gems/ruby-2.2.1/gems/web-console-2.2.1/lib/web_console/templates/index.html.erb (118.1ms)


Started POST "/carrierwaves" for ::1 at 2015-11-23 23:34:43 +0100
Processing by CarrierwavesController#create as HTML
  Parameters: {"utf8"=>"✓", "authenticity_token"=>"winAqg5sT1LLEgYAsxrvVXcoznx9saJxm6TcEJ0egqfuv4tYQFkTpwB3agfH2eEaHFzL8SearcC8D/FjeLJqTQ==", "carrierwave"=>{"file"=>#<ActionDispatch::Http::UploadedFile:0x007fc9be932508 @tempfile=#<Tempfile:/var/folders/df/h4d7lrg93yn7dz7rhdc4r2ch0000gn/T/RackMultipart20151123-36874-i53o51.pdf>, @original_filename="Bomb-Defusal-Manual_1.pdf", @content_type="application/pdf", @headers="Content-Disposition: form-data; name=\"carrierwave[file]\"; filename=\"Bomb-Defusal-Manual_1.pdf\"\r\nContent-Type: application/pdf\r\n">, "image"=>#<ActionDispatch::Http::UploadedFile:0x007fc9be932490 @tempfile=#<Tempfile:/var/folders/df/h4d7lrg93yn7dz7rhdc4r2ch0000gn/T/RackMultipart20151123-36874-1jqnmd5.png>, @original_filename="Captura de pantalla 2015-11-22 a las 18.21.59.png", @content_type="image/png", @headers="Content-Disposition: form-data; name=\"carrierwave[image]\"; filename=\"Captura de pantalla 2015-11-22 a las 18.21.59.png\"\r\nContent-Type: image/png\r\n">}, "commit"=>"Pa subir"}
Redirected to http://localhost:3000/
Completed 302 Found in 686ms


Started GET "/" for ::1 at 2015-11-23 23:34:44 +0100
Processing by ApplicationController#index as HTML
  Rendered application/index.html.haml within layouts/application (31.6ms)
  Rendered layouts/_header.html.haml (0.2ms)
Completed 200 OK in 52ms (Views: 51.7ms)


Started GET "/carrierwaves" for ::1 at 2015-11-23 23:34:46 +0100
Processing by CarrierwavesController#index as HTML
  Rendered carrierwaves/_form.html.haml (1.1ms)
  Rendered carrierwaves/index.html.haml within layouts/application (21.5ms)
  Rendered layouts/_header.html.haml (0.4ms)
Completed 200 OK in 68ms (Views: 67.6ms)


Started GET "/uploads/carrierwave/image/image/565231a1ec66158b95000000/original_Captura_de_pantalla_2015-11-22_a_las_18.21.59.png" for ::1 at 2015-11-23 23:34:46 +0100

ActionController::RoutingError (No route matches [GET] "/uploads/carrierwave/image/image/565231a1ec66158b95000000/original_Captura_de_pantalla_2015-11-22_a_las_18.21.59.png"):
  actionpack (4.2.4) lib/action_dispatch/middleware/debug_exceptions.rb:21:in `call'
  web-console (2.2.1) lib/web_console/middleware.rb:39:in `call'
  actionpack (4.2.4) lib/action_dispatch/middleware/show_exceptions.rb:30:in `call'
  railties (4.2.4) lib/rails/rack/logger.rb:38:in `call_app'
  railties (4.2.4) lib/rails/rack/logger.rb:20:in `block in call'
  activesupport (4.2.4) lib/active_support/tagged_logging.rb:68:in `block in tagged'
  activesupport (4.2.4) lib/active_support/tagged_logging.rb:26:in `tagged'
  activesupport (4.2.4) lib/active_support/tagged_logging.rb:68:in `tagged'
  railties (4.2.4) lib/rails/rack/logger.rb:20:in `call'
  actionpack (4.2.4) lib/action_dispatch/middleware/request_id.rb:21:in `call'
  rack (1.6.4) lib/rack/methodoverride.rb:22:in `call'
  rack (1.6.4) lib/rack/runtime.rb:18:in `call'
  activesupport (4.2.4) lib/active_support/cache/strategy/local_cache_middleware.rb:28:in `call'
  dragonfly (1.0.12) lib/dragonfly/cookie_monster.rb:9:in `call'
  rack (1.6.4) lib/rack/lock.rb:17:in `call'
  actionpack (4.2.4) lib/action_dispatch/middleware/static.rb:116:in `call'
  rack (1.6.4) lib/rack/sendfile.rb:113:in `call'
  railties (4.2.4) lib/rails/engine.rb:518:in `call'
  railties (4.2.4) lib/rails/application.rb:165:in `call'
  rack (1.6.4) lib/rack/lock.rb:17:in `call'
  rack (1.6.4) lib/rack/content_length.rb:15:in `call'
  rack (1.6.4) lib/rack/handler/webrick.rb:88:in `service'
  /Users/danielromeroesteban/.rvm/rubies/ruby-2.2.1/lib/ruby/2.2.0/webrick/httpserver.rb:138:in `service'
  /Users/danielromeroesteban/.rvm/rubies/ruby-2.2.1/lib/ruby/2.2.0/webrick/httpserver.rb:94:in `run'
  /Users/danielromeroesteban/.rvm/rubies/ruby-2.2.1/lib/ruby/2.2.0/webrick/server.rb:294:in `block in start_thread'


  Rendered /Users/danielromeroesteban/.rvm/gems/ruby-2.2.1/gems/actionpack-4.2.4/lib/action_dispatch/middleware/templates/rescues/_trace.html.erb (1.8ms)
  Rendered /Users/danielromeroesteban/.rvm/gems/ruby-2.2.1/gems/actionpack-4.2.4/lib/action_dispatch/middleware/templates/routes/_route.html.erb (8.9ms)
  Rendered /Users/danielromeroesteban/.rvm/gems/ruby-2.2.1/gems/actionpack-4.2.4/lib/action_dispatch/middleware/templates/routes/_table.html.erb (1.3ms)
  Rendered /Users/danielromeroesteban/.rvm/gems/ruby-2.2.1/gems/actionpack-4.2.4/lib/action_dispatch/middleware/templates/rescues/_request_and_response.html.erb (2.6ms)
  Rendered /Users/danielromeroesteban/.rvm/gems/ruby-2.2.1/gems/actionpack-4.2.4/lib/action_dispatch/middleware/templates/rescues/routing_error.html.erb within rescues/layout (121.7ms)
  Rendered /Users/danielromeroesteban/.rvm/gems/ruby-2.2.1/gems/web-console-2.2.1/lib/web_console/templates/_markup.html.erb (1.7ms)
  Rendered /Users/danielromeroesteban/.rvm/gems/ruby-2.2.1/gems/web-console-2.2.1/lib/web_console/templates/_inner_console_markup.html.erb within layouts/inlined_string (0.4ms)
  Rendered /Users/danielromeroesteban/.rvm/gems/ruby-2.2.1/gems/web-console-2.2.1/lib/web_console/templates/_prompt_box_markup.html.erb within layouts/inlined_string (0.3ms)
  Rendered /Users/danielromeroesteban/.rvm/gems/ruby-2.2.1/gems/web-console-2.2.1/lib/web_console/templates/style.css.erb within layouts/inlined_string (0.4ms)
  Rendered /Users/danielromeroesteban/.rvm/gems/ruby-2.2.1/gems/web-console-2.2.1/lib/web_console/templates/console.js.erb within layouts/javascript (74.8ms)
  Rendered /Users/danielromeroesteban/.rvm/gems/ruby-2.2.1/gems/web-console-2.2.1/lib/web_console/templates/main.js.erb within layouts/javascript (0.3ms)
  Rendered /Users/danielromeroesteban/.rvm/gems/ruby-2.2.1/gems/web-console-2.2.1/lib/web_console/templates/error_page.js.erb within layouts/javascript (0.4ms)
  Rendered /Users/danielromeroesteban/.rvm/gems/ruby-2.2.1/gems/web-console-2.2.1/lib/web_console/templates/index.html.erb (140.6ms)


Started GET "/uploads/carrierwave/image/image/565231a1ec66158b95000000/large_Captura_de_pantalla_2015-11-22_a_las_18.21.59.png" for ::1 at 2015-11-23 23:34:46 +0100

ActionController::RoutingError (No route matches [GET] "/uploads/carrierwave/image/image/565231a1ec66158b95000000/large_Captura_de_pantalla_2015-11-22_a_las_18.21.59.png"):
  actionpack (4.2.4) lib/action_dispatch/middleware/debug_exceptions.rb:21:in `call'
  web-console (2.2.1) lib/web_console/middleware.rb:39:in `call'
  actionpack (4.2.4) lib/action_dispatch/middleware/show_exceptions.rb:30:in `call'
  railties (4.2.4) lib/rails/rack/logger.rb:38:in `call_app'
  railties (4.2.4) lib/rails/rack/logger.rb:20:in `block in call'
  activesupport (4.2.4) lib/active_support/tagged_logging.rb:68:in `block in tagged'
  activesupport (4.2.4) lib/active_support/tagged_logging.rb:26:in `tagged'
  activesupport (4.2.4) lib/active_support/tagged_logging.rb:68:in `tagged'
  railties (4.2.4) lib/rails/rack/logger.rb:20:in `call'
  actionpack (4.2.4) lib/action_dispatch/middleware/request_id.rb:21:in `call'
  rack (1.6.4) lib/rack/methodoverride.rb:22:in `call'
  rack (1.6.4) lib/rack/runtime.rb:18:in `call'
  activesupport (4.2.4) lib/active_support/cache/strategy/local_cache_middleware.rb:28:in `call'
  dragonfly (1.0.12) lib/dragonfly/cookie_monster.rb:9:in `call'
  rack (1.6.4) lib/rack/lock.rb:17:in `call'
  actionpack (4.2.4) lib/action_dispatch/middleware/static.rb:116:in `call'
  rack (1.6.4) lib/rack/sendfile.rb:113:in `call'
  railties (4.2.4) lib/rails/engine.rb:518:in `call'
  railties (4.2.4) lib/rails/application.rb:165:in `call'
  rack (1.6.4) lib/rack/lock.rb:17:in `call'
  rack (1.6.4) lib/rack/content_length.rb:15:in `call'
  rack (1.6.4) lib/rack/handler/webrick.rb:88:in `service'
  /Users/danielromeroesteban/.rvm/rubies/ruby-2.2.1/lib/ruby/2.2.0/webrick/httpserver.rb:138:in `service'
  /Users/danielromeroesteban/.rvm/rubies/ruby-2.2.1/lib/ruby/2.2.0/webrick/httpserver.rb:94:in `run'
  /Users/danielromeroesteban/.rvm/rubies/ruby-2.2.1/lib/ruby/2.2.0/webrick/server.rb:294:in `block in start_thread'


  Rendered /Users/danielromeroesteban/.rvm/gems/ruby-2.2.1/gems/actionpack-4.2.4/lib/action_dispatch/middleware/templates/rescues/_trace.html.erb (1.8ms)
  Rendered /Users/danielromeroesteban/.rvm/gems/ruby-2.2.1/gems/actionpack-4.2.4/lib/action_dispatch/middleware/templates/routes/_route.html.erb (1.7ms)
  Rendered /Users/danielromeroesteban/.rvm/gems/ruby-2.2.1/gems/actionpack-4.2.4/lib/action_dispatch/middleware/templates/routes/_table.html.erb (1.4ms)
  Rendered /Users/danielromeroesteban/.rvm/gems/ruby-2.2.1/gems/actionpack-4.2.4/lib/action_dispatch/middleware/templates/rescues/_request_and_response.html.erb (1.3ms)
  Rendered /Users/danielromeroesteban/.rvm/gems/ruby-2.2.1/gems/actionpack-4.2.4/lib/action_dispatch/middleware/templates/rescues/routing_error.html.erb within rescues/layout (80.8ms)
  Rendered /Users/danielromeroesteban/.rvm/gems/ruby-2.2.1/gems/web-console-2.2.1/lib/web_console/templates/_markup.html.erb (0.5ms)
  Rendered /Users/danielromeroesteban/.rvm/gems/ruby-2.2.1/gems/web-console-2.2.1/lib/web_console/templates/_inner_console_markup.html.erb within layouts/inlined_string (0.3ms)
  Rendered /Users/danielromeroesteban/.rvm/gems/ruby-2.2.1/gems/web-console-2.2.1/lib/web_console/templates/_prompt_box_markup.html.erb within layouts/inlined_string (0.4ms)
  Rendered /Users/danielromeroesteban/.rvm/gems/ruby-2.2.1/gems/web-console-2.2.1/lib/web_console/templates/style.css.erb within layouts/inlined_string (0.4ms)
  Rendered /Users/danielromeroesteban/.rvm/gems/ruby-2.2.1/gems/web-console-2.2.1/lib/web_console/templates/console.js.erb within layouts/javascript (47.8ms)
  Rendered /Users/danielromeroesteban/.rvm/gems/ruby-2.2.1/gems/web-console-2.2.1/lib/web_console/templates/main.js.erb within layouts/javascript (0.3ms)
  Rendered /Users/danielromeroesteban/.rvm/gems/ruby-2.2.1/gems/web-console-2.2.1/lib/web_console/templates/error_page.js.erb within layouts/javascript (0.5ms)
  Rendered /Users/danielromeroesteban/.rvm/gems/ruby-2.2.1/gems/web-console-2.2.1/lib/web_console/templates/index.html.erb (109.9ms)


Started GET "/uploads/carrierwave/image/image/565231a1ec66158b95000000/medium_Captura_de_pantalla_2015-11-22_a_las_18.21.59.png" for ::1 at 2015-11-23 23:34:47 +0100

ActionController::RoutingError (No route matches [GET] "/uploads/carrierwave/image/image/565231a1ec66158b95000000/medium_Captura_de_pantalla_2015-11-22_a_las_18.21.59.png"):
  actionpack (4.2.4) lib/action_dispatch/middleware/debug_exceptions.rb:21:in `call'
  web-console (2.2.1) lib/web_console/middleware.rb:39:in `call'
  actionpack (4.2.4) lib/action_dispatch/middleware/show_exceptions.rb:30:in `call'
  railties (4.2.4) lib/rails/rack/logger.rb:38:in `call_app'
  railties (4.2.4) lib/rails/rack/logger.rb:20:in `block in call'
  activesupport (4.2.4) lib/active_support/tagged_logging.rb:68:in `block in tagged'
  activesupport (4.2.4) lib/active_support/tagged_logging.rb:26:in `tagged'
  activesupport (4.2.4) lib/active_support/tagged_logging.rb:68:in `tagged'
  railties (4.2.4) lib/rails/rack/logger.rb:20:in `call'
  actionpack (4.2.4) lib/action_dispatch/middleware/request_id.rb:21:in `call'
  rack (1.6.4) lib/rack/methodoverride.rb:22:in `call'
  rack (1.6.4) lib/rack/runtime.rb:18:in `call'
  activesupport (4.2.4) lib/active_support/cache/strategy/local_cache_middleware.rb:28:in `call'
  dragonfly (1.0.12) lib/dragonfly/cookie_monster.rb:9:in `call'
  rack (1.6.4) lib/rack/lock.rb:17:in `call'
  actionpack (4.2.4) lib/action_dispatch/middleware/static.rb:116:in `call'
  rack (1.6.4) lib/rack/sendfile.rb:113:in `call'
  railties (4.2.4) lib/rails/engine.rb:518:in `call'
  railties (4.2.4) lib/rails/application.rb:165:in `call'
  rack (1.6.4) lib/rack/lock.rb:17:in `call'
  rack (1.6.4) lib/rack/content_length.rb:15:in `call'
  rack (1.6.4) lib/rack/handler/webrick.rb:88:in `service'
  /Users/danielromeroesteban/.rvm/rubies/ruby-2.2.1/lib/ruby/2.2.0/webrick/httpserver.rb:138:in `service'
  /Users/danielromeroesteban/.rvm/rubies/ruby-2.2.1/lib/ruby/2.2.0/webrick/httpserver.rb:94:in `run'
  /Users/danielromeroesteban/.rvm/rubies/ruby-2.2.1/lib/ruby/2.2.0/webrick/server.rb:294:in `block in start_thread'


  Rendered /Users/danielromeroesteban/.rvm/gems/ruby-2.2.1/gems/actionpack-4.2.4/lib/action_dispatch/middleware/templates/rescues/_trace.html.erb (4.9ms)
  Rendered /Users/danielromeroesteban/.rvm/gems/ruby-2.2.1/gems/actionpack-4.2.4/lib/action_dispatch/middleware/templates/routes/_route.html.erb (1.7ms)
  Rendered /Users/danielromeroesteban/.rvm/gems/ruby-2.2.1/gems/actionpack-4.2.4/lib/action_dispatch/middleware/templates/routes/_table.html.erb (2.1ms)
  Rendered /Users/danielromeroesteban/.rvm/gems/ruby-2.2.1/gems/actionpack-4.2.4/lib/action_dispatch/middleware/templates/rescues/_request_and_response.html.erb (1.7ms)
  Rendered /Users/danielromeroesteban/.rvm/gems/ruby-2.2.1/gems/actionpack-4.2.4/lib/action_dispatch/middleware/templates/rescues/routing_error.html.erb within rescues/layout (105.7ms)
  Rendered /Users/danielromeroesteban/.rvm/gems/ruby-2.2.1/gems/web-console-2.2.1/lib/web_console/templates/_markup.html.erb (0.3ms)
  Rendered /Users/danielromeroesteban/.rvm/gems/ruby-2.2.1/gems/web-console-2.2.1/lib/web_console/templates/_inner_console_markup.html.erb within layouts/inlined_string (0.3ms)
  Rendered /Users/danielromeroesteban/.rvm/gems/ruby-2.2.1/gems/web-console-2.2.1/lib/web_console/templates/_prompt_box_markup.html.erb within layouts/inlined_string (0.5ms)
  Rendered /Users/danielromeroesteban/.rvm/gems/ruby-2.2.1/gems/web-console-2.2.1/lib/web_console/templates/style.css.erb within layouts/inlined_string (0.4ms)
  Rendered /Users/danielromeroesteban/.rvm/gems/ruby-2.2.1/gems/web-console-2.2.1/lib/web_console/templates/console.js.erb within layouts/javascript (59.8ms)
  Rendered /Users/danielromeroesteban/.rvm/gems/ruby-2.2.1/gems/web-console-2.2.1/lib/web_console/templates/main.js.erb within layouts/javascript (0.3ms)
  Rendered /Users/danielromeroesteban/.rvm/gems/ruby-2.2.1/gems/web-console-2.2.1/lib/web_console/templates/error_page.js.erb within layouts/javascript (0.6ms)
  Rendered /Users/danielromeroesteban/.rvm/gems/ruby-2.2.1/gems/web-console-2.2.1/lib/web_console/templates/index.html.erb (138.8ms)


Started GET "/uploads/carrierwave/image/image/565231a1ec66158b95000000/small_Captura_de_pantalla_2015-11-22_a_las_18.21.59.png" for ::1 at 2015-11-23 23:34:47 +0100

ActionController::RoutingError (No route matches [GET] "/uploads/carrierwave/image/image/565231a1ec66158b95000000/small_Captura_de_pantalla_2015-11-22_a_las_18.21.59.png"):
  actionpack (4.2.4) lib/action_dispatch/middleware/debug_exceptions.rb:21:in `call'
  web-console (2.2.1) lib/web_console/middleware.rb:39:in `call'
  actionpack (4.2.4) lib/action_dispatch/middleware/show_exceptions.rb:30:in `call'
  railties (4.2.4) lib/rails/rack/logger.rb:38:in `call_app'
  railties (4.2.4) lib/rails/rack/logger.rb:20:in `block in call'
  activesupport (4.2.4) lib/active_support/tagged_logging.rb:68:in `block in tagged'
  activesupport (4.2.4) lib/active_support/tagged_logging.rb:26:in `tagged'
  activesupport (4.2.4) lib/active_support/tagged_logging.rb:68:in `tagged'
  railties (4.2.4) lib/rails/rack/logger.rb:20:in `call'
  actionpack (4.2.4) lib/action_dispatch/middleware/request_id.rb:21:in `call'
  rack (1.6.4) lib/rack/methodoverride.rb:22:in `call'
  rack (1.6.4) lib/rack/runtime.rb:18:in `call'
  activesupport (4.2.4) lib/active_support/cache/strategy/local_cache_middleware.rb:28:in `call'
  dragonfly (1.0.12) lib/dragonfly/cookie_monster.rb:9:in `call'
  rack (1.6.4) lib/rack/lock.rb:17:in `call'
  actionpack (4.2.4) lib/action_dispatch/middleware/static.rb:116:in `call'
  rack (1.6.4) lib/rack/sendfile.rb:113:in `call'
  railties (4.2.4) lib/rails/engine.rb:518:in `call'
  railties (4.2.4) lib/rails/application.rb:165:in `call'
  rack (1.6.4) lib/rack/lock.rb:17:in `call'
  rack (1.6.4) lib/rack/content_length.rb:15:in `call'
  rack (1.6.4) lib/rack/handler/webrick.rb:88:in `service'
  /Users/danielromeroesteban/.rvm/rubies/ruby-2.2.1/lib/ruby/2.2.0/webrick/httpserver.rb:138:in `service'
  /Users/danielromeroesteban/.rvm/rubies/ruby-2.2.1/lib/ruby/2.2.0/webrick/httpserver.rb:94:in `run'
  /Users/danielromeroesteban/.rvm/rubies/ruby-2.2.1/lib/ruby/2.2.0/webrick/server.rb:294:in `block in start_thread'


  Rendered /Users/danielromeroesteban/.rvm/gems/ruby-2.2.1/gems/actionpack-4.2.4/lib/action_dispatch/middleware/templates/rescues/_trace.html.erb (1.9ms)
  Rendered /Users/danielromeroesteban/.rvm/gems/ruby-2.2.1/gems/actionpack-4.2.4/lib/action_dispatch/middleware/templates/routes/_route.html.erb (2.0ms)
  Rendered /Users/danielromeroesteban/.rvm/gems/ruby-2.2.1/gems/actionpack-4.2.4/lib/action_dispatch/middleware/templates/routes/_table.html.erb (4.4ms)
  Rendered /Users/danielromeroesteban/.rvm/gems/ruby-2.2.1/gems/actionpack-4.2.4/lib/action_dispatch/middleware/templates/rescues/_request_and_response.html.erb (2.5ms)
  Rendered /Users/danielromeroesteban/.rvm/gems/ruby-2.2.1/gems/actionpack-4.2.4/lib/action_dispatch/middleware/templates/rescues/routing_error.html.erb within rescues/layout (98.4ms)
  Rendered /Users/danielromeroesteban/.rvm/gems/ruby-2.2.1/gems/web-console-2.2.1/lib/web_console/templates/_markup.html.erb (1.0ms)
  Rendered /Users/danielromeroesteban/.rvm/gems/ruby-2.2.1/gems/web-console-2.2.1/lib/web_console/templates/_inner_console_markup.html.erb within layouts/inlined_string (0.4ms)
  Rendered /Users/danielromeroesteban/.rvm/gems/ruby-2.2.1/gems/web-console-2.2.1/lib/web_console/templates/_prompt_box_markup.html.erb within layouts/inlined_string (0.6ms)
  Rendered /Users/danielromeroesteban/.rvm/gems/ruby-2.2.1/gems/web-console-2.2.1/lib/web_console/templates/style.css.erb within layouts/inlined_string (0.4ms)
  Rendered /Users/danielromeroesteban/.rvm/gems/ruby-2.2.1/gems/web-console-2.2.1/lib/web_console/templates/console.js.erb within layouts/javascript (68.3ms)
  Rendered /Users/danielromeroesteban/.rvm/gems/ruby-2.2.1/gems/web-console-2.2.1/lib/web_console/templates/main.js.erb within layouts/javascript (0.4ms)
  Rendered /Users/danielromeroesteban/.rvm/gems/ruby-2.2.1/gems/web-console-2.2.1/lib/web_console/templates/error_page.js.erb within layouts/javascript (0.6ms)
  Rendered /Users/danielromeroesteban/.rvm/gems/ruby-2.2.1/gems/web-console-2.2.1/lib/web_console/templates/index.html.erb (142.5ms)


Started POST "/carrierwaves" for ::1 at 2015-11-23 23:35:10 +0100
Processing by CarrierwavesController#create as HTML
  Parameters: {"utf8"=>"✓", "authenticity_token"=>"9Lj9AypUSmR7tcGLRDgpANh8it6QAyy4TDneSLXzV6bYLrbxZGEWkbDQrYww+ydPswiPU8ooIwlrkvM7UF+/TA==", "carrierwave"=>{"file"=>#<ActionDispatch::Http::UploadedFile:0x007fc9c0ba5b58 @tempfile=#<Tempfile:/var/folders/df/h4d7lrg93yn7dz7rhdc4r2ch0000gn/T/RackMultipart20151123-36874-12c40ui.pdf>, @original_filename="Bomb-Defusal-Manual_1.pdf", @content_type="application/pdf", @headers="Content-Disposition: form-data; name=\"carrierwave[file]\"; filename=\"Bomb-Defusal-Manual_1.pdf\"\r\nContent-Type: application/pdf\r\n">, "image"=>#<ActionDispatch::Http::UploadedFile:0x007fc9c0ba5b08 @tempfile=#<Tempfile:/var/folders/df/h4d7lrg93yn7dz7rhdc4r2ch0000gn/T/RackMultipart20151123-36874-1iggn7y.png>, @original_filename="Captura de pantalla 2015-11-22 a las 18.21.59.png", @content_type="image/png", @headers="Content-Disposition: form-data; name=\"carrierwave[image]\"; filename=\"Captura de pantalla 2015-11-22 a las 18.21.59.png\"\r\nContent-Type: image/png\r\n">}, "commit"=>"Pa subir"}
Redirected to http://localhost:3000/
Completed 302 Found in 422ms


Started GET "/" for ::1 at 2015-11-23 23:35:10 +0100
Processing by ApplicationController#index as HTML
  Rendered application/index.html.haml within layouts/application (27.9ms)
  Rendered layouts/_header.html.haml (0.3ms)
Completed 200 OK in 54ms (Views: 54.0ms)


Started GET "/carrierwaves" for ::1 at 2015-11-23 23:35:13 +0100
Processing by CarrierwavesController#index as HTML
  Rendered carrierwaves/_form.html.haml (6.1ms)
  Rendered carrierwaves/index.html.haml within layouts/application (35.8ms)
  Rendered layouts/_header.html.haml (0.3ms)
Completed 200 OK in 75ms (Views: 73.7ms)


Started GET "/uploads/carrierwave/image/image/565231a1ec66158b95000000/original_Captura_de_pantalla_2015-11-22_a_las_18.21.59.png" for ::1 at 2015-11-23 23:35:13 +0100

ActionController::RoutingError (No route matches [GET] "/uploads/carrierwave/image/image/565231a1ec66158b95000000/original_Captura_de_pantalla_2015-11-22_a_las_18.21.59.png"):
  actionpack (4.2.4) lib/action_dispatch/middleware/debug_exceptions.rb:21:in `call'
  web-console (2.2.1) lib/web_console/middleware.rb:39:in `call'
  actionpack (4.2.4) lib/action_dispatch/middleware/show_exceptions.rb:30:in `call'
  railties (4.2.4) lib/rails/rack/logger.rb:38:in `call_app'
  railties (4.2.4) lib/rails/rack/logger.rb:20:in `block in call'
  activesupport (4.2.4) lib/active_support/tagged_logging.rb:68:in `block in tagged'
  activesupport (4.2.4) lib/active_support/tagged_logging.rb:26:in `tagged'
  activesupport (4.2.4) lib/active_support/tagged_logging.rb:68:in `tagged'
  railties (4.2.4) lib/rails/rack/logger.rb:20:in `call'
  actionpack (4.2.4) lib/action_dispatch/middleware/request_id.rb:21:in `call'
  rack (1.6.4) lib/rack/methodoverride.rb:22:in `call'
  rack (1.6.4) lib/rack/runtime.rb:18:in `call'
  activesupport (4.2.4) lib/active_support/cache/strategy/local_cache_middleware.rb:28:in `call'
  dragonfly (1.0.12) lib/dragonfly/cookie_monster.rb:9:in `call'
  rack (1.6.4) lib/rack/lock.rb:17:in `call'
  actionpack (4.2.4) lib/action_dispatch/middleware/static.rb:116:in `call'
  rack (1.6.4) lib/rack/sendfile.rb:113:in `call'
  railties (4.2.4) lib/rails/engine.rb:518:in `call'
  railties (4.2.4) lib/rails/application.rb:165:in `call'
  rack (1.6.4) lib/rack/lock.rb:17:in `call'
  rack (1.6.4) lib/rack/content_length.rb:15:in `call'
  rack (1.6.4) lib/rack/handler/webrick.rb:88:in `service'
  /Users/danielromeroesteban/.rvm/rubies/ruby-2.2.1/lib/ruby/2.2.0/webrick/httpserver.rb:138:in `service'
  /Users/danielromeroesteban/.rvm/rubies/ruby-2.2.1/lib/ruby/2.2.0/webrick/httpserver.rb:94:in `run'
  /Users/danielromeroesteban/.rvm/rubies/ruby-2.2.1/lib/ruby/2.2.0/webrick/server.rb:294:in `block in start_thread'


  Rendered /Users/danielromeroesteban/.rvm/gems/ruby-2.2.1/gems/actionpack-4.2.4/lib/action_dispatch/middleware/templates/rescues/_trace.html.erb (2.6ms)
  Rendered /Users/danielromeroesteban/.rvm/gems/ruby-2.2.1/gems/actionpack-4.2.4/lib/action_dispatch/middleware/templates/routes/_route.html.erb (2.1ms)
  Rendered /Users/danielromeroesteban/.rvm/gems/ruby-2.2.1/gems/actionpack-4.2.4/lib/action_dispatch/middleware/templates/routes/_table.html.erb (1.3ms)
  Rendered /Users/danielromeroesteban/.rvm/gems/ruby-2.2.1/gems/actionpack-4.2.4/lib/action_dispatch/middleware/templates/rescues/_request_and_response.html.erb (1.4ms)
  Rendered /Users/danielromeroesteban/.rvm/gems/ruby-2.2.1/gems/actionpack-4.2.4/lib/action_dispatch/middleware/templates/rescues/routing_error.html.erb within rescues/layout (100.1ms)
  Rendered /Users/danielromeroesteban/.rvm/gems/ruby-2.2.1/gems/web-console-2.2.1/lib/web_console/templates/_markup.html.erb (0.3ms)
  Rendered /Users/danielromeroesteban/.rvm/gems/ruby-2.2.1/gems/web-console-2.2.1/lib/web_console/templates/_inner_console_markup.html.erb within layouts/inlined_string (0.5ms)
  Rendered /Users/danielromeroesteban/.rvm/gems/ruby-2.2.1/gems/web-console-2.2.1/lib/web_console/templates/_prompt_box_markup.html.erb within layouts/inlined_string (0.5ms)
  Rendered /Users/danielromeroesteban/.rvm/gems/ruby-2.2.1/gems/web-console-2.2.1/lib/web_console/templates/style.css.erb within layouts/inlined_string (0.3ms)
  Rendered /Users/danielromeroesteban/.rvm/gems/ruby-2.2.1/gems/web-console-2.2.1/lib/web_console/templates/console.js.erb within layouts/javascript (51.9ms)
  Rendered /Users/danielromeroesteban/.rvm/gems/ruby-2.2.1/gems/web-console-2.2.1/lib/web_console/templates/main.js.erb within layouts/javascript (0.3ms)
  Rendered /Users/danielromeroesteban/.rvm/gems/ruby-2.2.1/gems/web-console-2.2.1/lib/web_console/templates/error_page.js.erb within layouts/javascript (0.4ms)
  Rendered /Users/danielromeroesteban/.rvm/gems/ruby-2.2.1/gems/web-console-2.2.1/lib/web_console/templates/index.html.erb (116.5ms)


Started GET "/uploads/carrierwave/image/image/565231a1ec66158b95000000/large_Captura_de_pantalla_2015-11-22_a_las_18.21.59.png" for ::1 at 2015-11-23 23:35:13 +0100

ActionController::RoutingError (No route matches [GET] "/uploads/carrierwave/image/image/565231a1ec66158b95000000/large_Captura_de_pantalla_2015-11-22_a_las_18.21.59.png"):
  actionpack (4.2.4) lib/action_dispatch/middleware/debug_exceptions.rb:21:in `call'
  web-console (2.2.1) lib/web_console/middleware.rb:39:in `call'
  actionpack (4.2.4) lib/action_dispatch/middleware/show_exceptions.rb:30:in `call'
  railties (4.2.4) lib/rails/rack/logger.rb:38:in `call_app'
  railties (4.2.4) lib/rails/rack/logger.rb:20:in `block in call'
  activesupport (4.2.4) lib/active_support/tagged_logging.rb:68:in `block in tagged'
  activesupport (4.2.4) lib/active_support/tagged_logging.rb:26:in `tagged'
  activesupport (4.2.4) lib/active_support/tagged_logging.rb:68:in `tagged'
  railties (4.2.4) lib/rails/rack/logger.rb:20:in `call'
  actionpack (4.2.4) lib/action_dispatch/middleware/request_id.rb:21:in `call'
  rack (1.6.4) lib/rack/methodoverride.rb:22:in `call'
  rack (1.6.4) lib/rack/runtime.rb:18:in `call'
  activesupport (4.2.4) lib/active_support/cache/strategy/local_cache_middleware.rb:28:in `call'
  dragonfly (1.0.12) lib/dragonfly/cookie_monster.rb:9:in `call'
  rack (1.6.4) lib/rack/lock.rb:17:in `call'
  actionpack (4.2.4) lib/action_dispatch/middleware/static.rb:116:in `call'
  rack (1.6.4) lib/rack/sendfile.rb:113:in `call'
  railties (4.2.4) lib/rails/engine.rb:518:in `call'
  railties (4.2.4) lib/rails/application.rb:165:in `call'
  rack (1.6.4) lib/rack/lock.rb:17:in `call'
  rack (1.6.4) lib/rack/content_length.rb:15:in `call'
  rack (1.6.4) lib/rack/handler/webrick.rb:88:in `service'
  /Users/danielromeroesteban/.rvm/rubies/ruby-2.2.1/lib/ruby/2.2.0/webrick/httpserver.rb:138:in `service'
  /Users/danielromeroesteban/.rvm/rubies/ruby-2.2.1/lib/ruby/2.2.0/webrick/httpserver.rb:94:in `run'
  /Users/danielromeroesteban/.rvm/rubies/ruby-2.2.1/lib/ruby/2.2.0/webrick/server.rb:294:in `block in start_thread'


  Rendered /Users/danielromeroesteban/.rvm/gems/ruby-2.2.1/gems/actionpack-4.2.4/lib/action_dispatch/middleware/templates/rescues/_trace.html.erb (1.4ms)
  Rendered /Users/danielromeroesteban/.rvm/gems/ruby-2.2.1/gems/actionpack-4.2.4/lib/action_dispatch/middleware/templates/routes/_route.html.erb (1.5ms)
  Rendered /Users/danielromeroesteban/.rvm/gems/ruby-2.2.1/gems/actionpack-4.2.4/lib/action_dispatch/middleware/templates/routes/_table.html.erb (1.3ms)
  Rendered /Users/danielromeroesteban/.rvm/gems/ruby-2.2.1/gems/actionpack-4.2.4/lib/action_dispatch/middleware/templates/rescues/_request_and_response.html.erb (1.2ms)
  Rendered /Users/danielromeroesteban/.rvm/gems/ruby-2.2.1/gems/actionpack-4.2.4/lib/action_dispatch/middleware/templates/rescues/routing_error.html.erb within rescues/layout (70.0ms)
  Rendered /Users/danielromeroesteban/.rvm/gems/ruby-2.2.1/gems/web-console-2.2.1/lib/web_console/templates/_markup.html.erb (0.4ms)
  Rendered /Users/danielromeroesteban/.rvm/gems/ruby-2.2.1/gems/web-console-2.2.1/lib/web_console/templates/_inner_console_markup.html.erb within layouts/inlined_string (0.3ms)
  Rendered /Users/danielromeroesteban/.rvm/gems/ruby-2.2.1/gems/web-console-2.2.1/lib/web_console/templates/_prompt_box_markup.html.erb within layouts/inlined_string (0.3ms)
  Rendered /Users/danielromeroesteban/.rvm/gems/ruby-2.2.1/gems/web-console-2.2.1/lib/web_console/templates/style.css.erb within layouts/inlined_string (0.3ms)
  Rendered /Users/danielromeroesteban/.rvm/gems/ruby-2.2.1/gems/web-console-2.2.1/lib/web_console/templates/console.js.erb within layouts/javascript (41.6ms)
  Rendered /Users/danielromeroesteban/.rvm/gems/ruby-2.2.1/gems/web-console-2.2.1/lib/web_console/templates/main.js.erb within layouts/javascript (0.4ms)
  Rendered /Users/danielromeroesteban/.rvm/gems/ruby-2.2.1/gems/web-console-2.2.1/lib/web_console/templates/error_page.js.erb within layouts/javascript (0.4ms)
  Rendered /Users/danielromeroesteban/.rvm/gems/ruby-2.2.1/gems/web-console-2.2.1/lib/web_console/templates/index.html.erb (95.5ms)


Started GET "/uploads/carrierwave/image/image/565231a1ec66158b95000000/medium_Captura_de_pantalla_2015-11-22_a_las_18.21.59.png" for ::1 at 2015-11-23 23:35:13 +0100

ActionController::RoutingError (No route matches [GET] "/uploads/carrierwave/image/image/565231a1ec66158b95000000/medium_Captura_de_pantalla_2015-11-22_a_las_18.21.59.png"):
  actionpack (4.2.4) lib/action_dispatch/middleware/debug_exceptions.rb:21:in `call'
  web-console (2.2.1) lib/web_console/middleware.rb:39:in `call'
  actionpack (4.2.4) lib/action_dispatch/middleware/show_exceptions.rb:30:in `call'
  railties (4.2.4) lib/rails/rack/logger.rb:38:in `call_app'
  railties (4.2.4) lib/rails/rack/logger.rb:20:in `block in call'
  activesupport (4.2.4) lib/active_support/tagged_logging.rb:68:in `block in tagged'
  activesupport (4.2.4) lib/active_support/tagged_logging.rb:26:in `tagged'
  activesupport (4.2.4) lib/active_support/tagged_logging.rb:68:in `tagged'
  railties (4.2.4) lib/rails/rack/logger.rb:20:in `call'
  actionpack (4.2.4) lib/action_dispatch/middleware/request_id.rb:21:in `call'
  rack (1.6.4) lib/rack/methodoverride.rb:22:in `call'
  rack (1.6.4) lib/rack/runtime.rb:18:in `call'
  activesupport (4.2.4) lib/active_support/cache/strategy/local_cache_middleware.rb:28:in `call'
  dragonfly (1.0.12) lib/dragonfly/cookie_monster.rb:9:in `call'
  rack (1.6.4) lib/rack/lock.rb:17:in `call'
  actionpack (4.2.4) lib/action_dispatch/middleware/static.rb:116:in `call'
  rack (1.6.4) lib/rack/sendfile.rb:113:in `call'
  railties (4.2.4) lib/rails/engine.rb:518:in `call'
  railties (4.2.4) lib/rails/application.rb:165:in `call'
  rack (1.6.4) lib/rack/lock.rb:17:in `call'
  rack (1.6.4) lib/rack/content_length.rb:15:in `call'
  rack (1.6.4) lib/rack/handler/webrick.rb:88:in `service'
  /Users/danielromeroesteban/.rvm/rubies/ruby-2.2.1/lib/ruby/2.2.0/webrick/httpserver.rb:138:in `service'
  /Users/danielromeroesteban/.rvm/rubies/ruby-2.2.1/lib/ruby/2.2.0/webrick/httpserver.rb:94:in `run'
  /Users/danielromeroesteban/.rvm/rubies/ruby-2.2.1/lib/ruby/2.2.0/webrick/server.rb:294:in `block in start_thread'


  Rendered /Users/danielromeroesteban/.rvm/gems/ruby-2.2.1/gems/actionpack-4.2.4/lib/action_dispatch/middleware/templates/rescues/_trace.html.erb (1.3ms)
  Rendered /Users/danielromeroesteban/.rvm/gems/ruby-2.2.1/gems/actionpack-4.2.4/lib/action_dispatch/middleware/templates/routes/_route.html.erb (3.8ms)
  Rendered /Users/danielromeroesteban/.rvm/gems/ruby-2.2.1/gems/actionpack-4.2.4/lib/action_dispatch/middleware/templates/routes/_table.html.erb (1.6ms)
  Rendered /Users/danielromeroesteban/.rvm/gems/ruby-2.2.1/gems/actionpack-4.2.4/lib/action_dispatch/middleware/templates/rescues/_request_and_response.html.erb (2.1ms)
  Rendered /Users/danielromeroesteban/.rvm/gems/ruby-2.2.1/gems/actionpack-4.2.4/lib/action_dispatch/middleware/templates/rescues/routing_error.html.erb within rescues/layout (91.2ms)
  Rendered /Users/danielromeroesteban/.rvm/gems/ruby-2.2.1/gems/web-console-2.2.1/lib/web_console/templates/_markup.html.erb (0.7ms)
  Rendered /Users/danielromeroesteban/.rvm/gems/ruby-2.2.1/gems/web-console-2.2.1/lib/web_console/templates/_inner_console_markup.html.erb within layouts/inlined_string (0.7ms)
  Rendered /Users/danielromeroesteban/.rvm/gems/ruby-2.2.1/gems/web-console-2.2.1/lib/web_console/templates/_prompt_box_markup.html.erb within layouts/inlined_string (0.4ms)
  Rendered /Users/danielromeroesteban/.rvm/gems/ruby-2.2.1/gems/web-console-2.2.1/lib/web_console/templates/style.css.erb within layouts/inlined_string (0.5ms)
  Rendered /Users/danielromeroesteban/.rvm/gems/ruby-2.2.1/gems/web-console-2.2.1/lib/web_console/templates/console.js.erb within layouts/javascript (54.1ms)
  Rendered /Users/danielromeroesteban/.rvm/gems/ruby-2.2.1/gems/web-console-2.2.1/lib/web_console/templates/main.js.erb within layouts/javascript (0.5ms)
  Rendered /Users/danielromeroesteban/.rvm/gems/ruby-2.2.1/gems/web-console-2.2.1/lib/web_console/templates/error_page.js.erb within layouts/javascript (0.6ms)
  Rendered /Users/danielromeroesteban/.rvm/gems/ruby-2.2.1/gems/web-console-2.2.1/lib/web_console/templates/index.html.erb (118.7ms)


Started GET "/uploads/carrierwave/image/image/565231a1ec66158b95000000/small_Captura_de_pantalla_2015-11-22_a_las_18.21.59.png" for ::1 at 2015-11-23 23:35:13 +0100

ActionController::RoutingError (No route matches [GET] "/uploads/carrierwave/image/image/565231a1ec66158b95000000/small_Captura_de_pantalla_2015-11-22_a_las_18.21.59.png"):
  actionpack (4.2.4) lib/action_dispatch/middleware/debug_exceptions.rb:21:in `call'
  web-console (2.2.1) lib/web_console/middleware.rb:39:in `call'
  actionpack (4.2.4) lib/action_dispatch/middleware/show_exceptions.rb:30:in `call'
  railties (4.2.4) lib/rails/rack/logger.rb:38:in `call_app'
  railties (4.2.4) lib/rails/rack/logger.rb:20:in `block in call'
  activesupport (4.2.4) lib/active_support/tagged_logging.rb:68:in `block in tagged'
  activesupport (4.2.4) lib/active_support/tagged_logging.rb:26:in `tagged'
  activesupport (4.2.4) lib/active_support/tagged_logging.rb:68:in `tagged'
  railties (4.2.4) lib/rails/rack/logger.rb:20:in `call'
  actionpack (4.2.4) lib/action_dispatch/middleware/request_id.rb:21:in `call'
  rack (1.6.4) lib/rack/methodoverride.rb:22:in `call'
  rack (1.6.4) lib/rack/runtime.rb:18:in `call'
  activesupport (4.2.4) lib/active_support/cache/strategy/local_cache_middleware.rb:28:in `call'
  dragonfly (1.0.12) lib/dragonfly/cookie_monster.rb:9:in `call'
  rack (1.6.4) lib/rack/lock.rb:17:in `call'
  actionpack (4.2.4) lib/action_dispatch/middleware/static.rb:116:in `call'
  rack (1.6.4) lib/rack/sendfile.rb:113:in `call'
  railties (4.2.4) lib/rails/engine.rb:518:in `call'
  railties (4.2.4) lib/rails/application.rb:165:in `call'
  rack (1.6.4) lib/rack/lock.rb:17:in `call'
  rack (1.6.4) lib/rack/content_length.rb:15:in `call'
  rack (1.6.4) lib/rack/handler/webrick.rb:88:in `service'
  /Users/danielromeroesteban/.rvm/rubies/ruby-2.2.1/lib/ruby/2.2.0/webrick/httpserver.rb:138:in `service'
  /Users/danielromeroesteban/.rvm/rubies/ruby-2.2.1/lib/ruby/2.2.0/webrick/httpserver.rb:94:in `run'
  /Users/danielromeroesteban/.rvm/rubies/ruby-2.2.1/lib/ruby/2.2.0/webrick/server.rb:294:in `block in start_thread'


  Rendered /Users/danielromeroesteban/.rvm/gems/ruby-2.2.1/gems/actionpack-4.2.4/lib/action_dispatch/middleware/templates/rescues/_trace.html.erb (1.2ms)
  Rendered /Users/danielromeroesteban/.rvm/gems/ruby-2.2.1/gems/actionpack-4.2.4/lib/action_dispatch/middleware/templates/routes/_route.html.erb (1.7ms)
  Rendered /Users/danielromeroesteban/.rvm/gems/ruby-2.2.1/gems/actionpack-4.2.4/lib/action_dispatch/middleware/templates/routes/_table.html.erb (1.3ms)
  Rendered /Users/danielromeroesteban/.rvm/gems/ruby-2.2.1/gems/actionpack-4.2.4/lib/action_dispatch/middleware/templates/rescues/_request_and_response.html.erb (2.6ms)
  Rendered /Users/danielromeroesteban/.rvm/gems/ruby-2.2.1/gems/actionpack-4.2.4/lib/action_dispatch/middleware/templates/rescues/routing_error.html.erb within rescues/layout (80.4ms)
  Rendered /Users/danielromeroesteban/.rvm/gems/ruby-2.2.1/gems/web-console-2.2.1/lib/web_console/templates/_markup.html.erb (1.5ms)
  Rendered /Users/danielromeroesteban/.rvm/gems/ruby-2.2.1/gems/web-console-2.2.1/lib/web_console/templates/_inner_console_markup.html.erb within layouts/inlined_string (0.8ms)
  Rendered /Users/danielromeroesteban/.rvm/gems/ruby-2.2.1/gems/web-console-2.2.1/lib/web_console/templates/_prompt_box_markup.html.erb within layouts/inlined_string (0.9ms)
  Rendered /Users/danielromeroesteban/.rvm/gems/ruby-2.2.1/gems/web-console-2.2.1/lib/web_console/templates/style.css.erb within layouts/inlined_string (0.3ms)
  Rendered /Users/danielromeroesteban/.rvm/gems/ruby-2.2.1/gems/web-console-2.2.1/lib/web_console/templates/console.js.erb within layouts/javascript (57.4ms)
  Rendered /Users/danielromeroesteban/.rvm/gems/ruby-2.2.1/gems/web-console-2.2.1/lib/web_console/templates/main.js.erb within layouts/javascript (0.3ms)
  Rendered /Users/danielromeroesteban/.rvm/gems/ruby-2.2.1/gems/web-console-2.2.1/lib/web_console/templates/error_page.js.erb within layouts/javascript (0.4ms)
  Rendered /Users/danielromeroesteban/.rvm/gems/ruby-2.2.1/gems/web-console-2.2.1/lib/web_console/templates/index.html.erb (123.8ms)


Started GET "/" for ::1 at 2015-11-24 07:54:07 +0100
Processing by ApplicationController#index as HTML
  Rendered application/index.html.haml within layouts/application (43.4ms)
  Rendered layouts/_header.html.haml (2.9ms)
Completed 200 OK in 306ms (Views: 296.0ms)


Started GET "/assets/jquery_ujs.self-d456baa54c1fa6be2ec3711f0a72ddf7a5b2f34a6b4f515f33767d6207b7d4b3.js?body=1" for ::1 at 2015-11-24 07:54:08 +0100


Started GET "/assets/jquery.self-a714331225dda820228db323939889f149aec0127aeb06255646b616ba1ca419.js?body=1" for ::1 at 2015-11-24 07:54:08 +0100


Started GET "/assets/application.self-e80e8f2318043e8af94dddc2adad5a4f09739a8ebb323b3ab31cd71d45fd9113.css?body=1" for ::1 at 2015-11-24 07:54:08 +0100


Started GET "/assets/turbolinks.self-c37727e9bd6b2735da5c311aa83fead54ed0be6cc8bd9a65309e9c5abe2cbfff.js?body=1" for ::1 at 2015-11-24 07:54:08 +0100


Started GET "/assets/application.self-3b8dabdc891efe46b9a144b400ad69e37d7e5876bdc39dee783419a69d7ca819.js?body=1" for ::1 at 2015-11-24 07:54:08 +0100


Started GET "/" for ::1 at 2015-11-24 11:04:34 +0100
Processing by ApplicationController#index as HTML
  Rendered application/index.html.haml within layouts/application (11.1ms)
  Rendered layouts/_header.html.haml (0.2ms)
Completed 200 OK in 67ms (Views: 66.0ms)


Started GET "/assets/application.self-e80e8f2318043e8af94dddc2adad5a4f09739a8ebb323b3ab31cd71d45fd9113.css?body=1" for ::1 at 2015-11-24 11:04:34 +0100


Started GET "/assets/jquery.self-a714331225dda820228db323939889f149aec0127aeb06255646b616ba1ca419.js?body=1" for ::1 at 2015-11-24 11:04:34 +0100


Started GET "/assets/jquery_ujs.self-d456baa54c1fa6be2ec3711f0a72ddf7a5b2f34a6b4f515f33767d6207b7d4b3.js?body=1" for ::1 at 2015-11-24 11:04:34 +0100


Started GET "/assets/turbolinks.self-c37727e9bd6b2735da5c311aa83fead54ed0be6cc8bd9a65309e9c5abe2cbfff.js?body=1" for ::1 at 2015-11-24 11:04:34 +0100


Started GET "/assets/application.self-3b8dabdc891efe46b9a144b400ad69e37d7e5876bdc39dee783419a69d7ca819.js?body=1" for ::1 at 2015-11-24 11:04:34 +0100


Started GET "/" for ::1 at 2015-11-24 11:14:49 +0100
Processing by ApplicationController#index as HTML
  Rendered application/index.html.haml within layouts/application (4.3ms)
  Rendered layouts/_header.html.haml (0.3ms)
Completed 200 OK in 37ms (Views: 37.1ms)


Started GET "/" for ::1 at 2015-11-24 11:14:58 +0100
Processing by ApplicationController#index as HTML
  Rendered application/index.html.haml within layouts/application (8.3ms)
  Rendered layouts/_header.html.haml (1.9ms)
Completed 200 OK in 47ms (Views: 45.6ms)


Started GET "/carrierwaves" for ::1 at 2015-11-24 11:15:23 +0100
Processing by CarrierwavesController#index as HTML
  Rendered carrierwaves/_form.html.haml (13.8ms)
  Rendered carrierwaves/index.html.haml within layouts/application (26.3ms)
  Rendered layouts/_header.html.haml (0.3ms)
Completed 200 OK in 51ms (Views: 50.5ms)


Started POST "/carrierwaves" for ::1 at 2015-11-24 11:15:31 +0100
Processing by CarrierwavesController#create as HTML
  Parameters: {"utf8"=>"✓", "authenticity_token"=>"GS2KxGbGdYcR1scY4W0ZbT2CmYoXff6U/Bg0SxiYfUgVvg2DB1L+uSRq4I+c2ox3QNLGj5Z5lDcb5PRef/as7Q==", "carrierwave"=>{"file"=>#<ActionDispatch::Http::UploadedFile:0x007fd21c2b7a28 @tempfile=#<Tempfile:/var/folders/df/h4d7lrg93yn7dz7rhdc4r2ch0000gn/T/RackMultipart20151124-592-1u010xl.pdf>, @original_filename="Bomb-Defusal-Manual_1.pdf", @content_type="application/pdf", @headers="Content-Disposition: form-data; name=\"carrierwave[file]\"; filename=\"Bomb-Defusal-Manual_1.pdf\"\r\nContent-Type: application/pdf\r\n">, "image"=>#<ActionDispatch::Http::UploadedFile:0x007fd21c2b5ae8 @tempfile=#<Tempfile:/var/folders/df/h4d7lrg93yn7dz7rhdc4r2ch0000gn/T/RackMultipart20151124-592-16jp4te.jpg>, @original_filename="6826711-adventure-time-wallpaper.jpg", @content_type="image/jpeg", @headers="Content-Disposition: form-data; name=\"carrierwave[image]\"; filename=\"6826711-adventure-time-wallpaper.jpg\"\r\nContent-Type: image/jpeg\r\n">}, "commit"=>"Pa subir"}
Redirected to http://localhost:3000/
Completed 302 Found in 914ms


Started GET "/" for ::1 at 2015-11-24 11:15:32 +0100
Processing by ApplicationController#index as HTML
  Rendered application/index.html.haml within layouts/application (7.3ms)
  Rendered layouts/_header.html.haml (0.3ms)
Completed 200 OK in 33ms (Views: 32.2ms)


Started GET "/carrierwaves" for ::1 at 2015-11-24 11:15:33 +0100
Processing by CarrierwavesController#index as HTML
  Rendered carrierwaves/_form.html.haml (1.7ms)
  Rendered carrierwaves/index.html.haml within layouts/application (12.8ms)
  Rendered layouts/_header.html.haml (1.1ms)
Completed 200 OK in 63ms (Views: 61.9ms)


Started GET "/" for ::1 at 2015-11-24 11:16:05 +0100
Processing by ApplicationController#index as HTML
  Rendered application/index.html.haml within layouts/application (4.1ms)
  Rendered layouts/_header.html.haml (0.5ms)
Completed 200 OK in 41ms (Views: 39.8ms)


Started GET "/paperclip_models" for ::1 at 2015-11-24 11:16:06 +0100
Processing by PaperclipModelsController#index as HTML
  Rendered paperclip_models/_form.html.haml (3.2ms)
  Rendered paperclip_models/index.html.haml within layouts/application (13.4ms)
  Rendered layouts/_header.html.haml (0.5ms)
Completed 200 OK in 50ms (Views: 49.1ms)


Started GET "/carrierwaves" for ::1 at 2015-11-24 11:16:12 +0100
Processing by CarrierwavesController#index as HTML
  Rendered carrierwaves/_form.html.haml (1.0ms)
  Rendered carrierwaves/index.html.haml within layouts/application (8.5ms)
  Rendered layouts/_header.html.haml (0.3ms)
Completed 200 OK in 31ms (Views: 30.4ms)


Started POST "/carrierwaves" for ::1 at 2015-11-24 11:17:04 +0100
Processing by CarrierwavesController#create as HTML
  Parameters: {"utf8"=>"✓", "authenticity_token"=>"rTno0QrhW2YuQLckSnZMxfegECx//1KSw2g9jRb/hQihqm+Wa3XQWBv8kLM3wdnfivBPKf77ODEklP2YcZFUrQ==", "carrierwave"=>{"file"=>#<ActionDispatch::Http::UploadedFile:0x007fd2209c0398 @tempfile=#<Tempfile:/var/folders/df/h4d7lrg93yn7dz7rhdc4r2ch0000gn/T/RackMultipart20151124-592-s9z7zk.pdf>, @original_filename="Bomb-Defusal-Manual_1.pdf", @content_type="application/pdf", @headers="Content-Disposition: form-data; name=\"carrierwave[file]\"; filename=\"Bomb-Defusal-Manual_1.pdf\"\r\nContent-Type: application/pdf\r\n">, "image"=>#<ActionDispatch::Http::UploadedFile:0x007fd2209c0280 @tempfile=#<Tempfile:/var/folders/df/h4d7lrg93yn7dz7rhdc4r2ch0000gn/T/RackMultipart20151124-592-d6lr3u.jpg>, @original_filename="198402-adventure-time-wallpaper-1366x768.jpg", @content_type="image/jpeg", @headers="Content-Disposition: form-data; name=\"carrierwave[image]\"; filename=\"198402-adventure-time-wallpaper-1366x768.jpg\"\r\nContent-Type: image/jpeg\r\n">}, "commit"=>"Pa subir"}
Redirected to http://localhost:3000/
Completed 302 Found in 805ms


Started GET "/" for ::1 at 2015-11-24 11:17:05 +0100
Processing by ApplicationController#index as HTML
  Rendered application/index.html.haml within layouts/application (27.2ms)
  Rendered layouts/_header.html.haml (0.3ms)
Completed 200 OK in 50ms (Views: 49.2ms)


Started GET "/carrierwaves" for ::1 at 2015-11-24 11:17:07 +0100
Processing by CarrierwavesController#index as HTML
  Rendered carrierwaves/_form.html.haml (1.3ms)
  Rendered carrierwaves/index.html.haml within layouts/application (10.4ms)
  Rendered layouts/_header.html.haml (0.2ms)
Completed 200 OK in 45ms (Views: 44.4ms)
